<?xml version="1.0" encoding="UTF-8"?>
<testsuite name="net.milanvit.learningspringboot.HomeControllerTests" tests="4" skipped="0" failures="0" errors="0" timestamp="2018-11-04T02:21:12" hostname="Fenchurch.local" time="1.395">
  <properties/>
  <testcase name="deleteImageShouldWork" classname="net.milanvit.learningspringboot.HomeControllerTests" time="0.294"/>
  <testcase name="fetchingImageShouldWork" classname="net.milanvit.learningspringboot.HomeControllerTests" time="0.076"/>
  <testcase name="baseRouteShouldListAllImages" classname="net.milanvit.learningspringboot.HomeControllerTests" time="0.906"/>
  <testcase name="fetchingNullImageShouldFail" classname="net.milanvit.learningspringboot.HomeControllerTests" time="0.115"/>
  <system-out><![CDATA[2018-11-04 11:21:10.480  INFO 14138 --- [    Test worker] b.t.a.w.r.WebFluxTestContextBootstrapper : Neither @ContextConfiguration nor @ContextHierarchy found for test class [net.milanvit.learningspringboot.HomeControllerTests], using SpringBootContextLoader
2018-11-04 11:21:10.482  INFO 14138 --- [    Test worker] o.s.t.c.support.AbstractContextLoader    : Could not detect default resource locations for test class [net.milanvit.learningspringboot.HomeControllerTests]: no resource found for suffixes {-context.xml, Context.groovy}.
2018-11-04 11:21:10.482  INFO 14138 --- [    Test worker] t.c.s.AnnotationConfigContextLoaderUtils : Could not detect default configuration classes for test class [net.milanvit.learningspringboot.HomeControllerTests]: HomeControllerTests does not declare any static, non-private, non-final, nested classes annotated with @Configuration.
2018-11-04 11:21:10.505  INFO 14138 --- [    Test worker] .b.t.c.SpringBootTestContextBootstrapper : Found @SpringBootConfiguration net.milanvit.learningspringboot.LearningSpringBootApplication for test class net.milanvit.learningspringboot.HomeControllerTests
2018-11-04 11:21:10.506  INFO 14138 --- [    Test worker] b.t.a.w.r.WebFluxTestContextBootstrapper : Loaded default TestExecutionListener class names from location [META-INF/spring.factories]: [org.springframework.boot.test.autoconfigure.restdocs.RestDocsTestExecutionListener, org.springframework.boot.test.autoconfigure.web.client.MockRestServiceServerResetTestExecutionListener, org.springframework.boot.test.autoconfigure.web.servlet.MockMvcPrintOnlyOnFailureTestExecutionListener, org.springframework.boot.test.autoconfigure.web.servlet.WebDriverTestExecutionListener, org.springframework.boot.test.mock.mockito.MockitoTestExecutionListener, org.springframework.boot.test.mock.mockito.ResetMocksTestExecutionListener, org.springframework.test.context.web.ServletTestExecutionListener, org.springframework.test.context.support.DirtiesContextBeforeModesTestExecutionListener, org.springframework.test.context.support.DependencyInjectionTestExecutionListener, org.springframework.test.context.support.DirtiesContextTestExecutionListener, org.springframework.test.context.transaction.TransactionalTestExecutionListener, org.springframework.test.context.jdbc.SqlScriptsTestExecutionListener]
2018-11-04 11:21:10.507  INFO 14138 --- [    Test worker] b.t.a.w.r.WebFluxTestContextBootstrapper : Using TestExecutionListeners: [org.springframework.test.context.support.DirtiesContextBeforeModesTestExecutionListener@3697b03c, org.springframework.boot.test.mock.mockito.MockitoTestExecutionListener@628ec61c, org.springframework.boot.test.autoconfigure.SpringBootDependencyInjectionTestExecutionListener@739a1df, org.springframework.test.context.support.DirtiesContextTestExecutionListener@6533837c, org.springframework.test.context.transaction.TransactionalTestExecutionListener@6eaed9b6, org.springframework.test.context.jdbc.SqlScriptsTestExecutionListener@7a844c59, org.springframework.boot.test.autoconfigure.restdocs.RestDocsTestExecutionListener@30793d8f, org.springframework.boot.test.autoconfigure.web.client.MockRestServiceServerResetTestExecutionListener@4928709f, org.springframework.boot.test.autoconfigure.web.servlet.MockMvcPrintOnlyOnFailureTestExecutionListener@51537365, org.springframework.boot.test.autoconfigure.web.servlet.WebDriverTestExecutionListener@96d1b92, org.springframework.boot.test.mock.mockito.ResetMocksTestExecutionListener@7001da75]
2018-11-04 11:21:10.549  INFO 14138 --- [    Test worker] .e.DevToolsPropertyDefaultsPostProcessor : Devtools property defaults active! Set 'spring.devtools.add-properties' to 'false' to disable

  .   ____          _            __ _ _
 /\\ / ___'_ __ _ _(_)_ __  __ _ \ \ \ \
( ( )\___ | '_ | '_| | '_ \/ _` | \ \ \ \
 \\/  ___)| |_)| | | | | || (_| |  ) ) ) )
  '  |____| .__|_| |_|_| |_\__, | / / / /
 =========|_|==============|___/=/_/_/_/
 :: Spring Boot ::        (v2.1.0.RELEASE)

2018-11-04 11:21:10.572  INFO 14138 --- [    Test worker] n.m.l.HomeControllerTests                : Starting HomeControllerTests on Fenchurch.local with PID 14138 (started by milanvit in /Users/milanvit/Documents/Packt/Learning Spring Boot)
2018-11-04 11:21:10.573 DEBUG 14138 --- [    Test worker] n.m.l.HomeControllerTests                : Running with Spring Boot v2.1.0.RELEASE, Spring v5.1.2.RELEASE
2018-11-04 11:21:10.576  INFO 14138 --- [    Test worker] n.m.l.HomeControllerTests                : No active profile set, falling back to default profiles: default
2018-11-04 11:21:12.215  INFO 14138 --- [    Test worker] n.m.l.HomeControllerTests                : Started HomeControllerTests in 1.7 seconds (JVM running for 15.647)
]]></system-out>
  <system-err><![CDATA[]]></system-err>
</testsuite>
