<?xml version="1.0" encoding="UTF-8"?>
<testsuite name="net.milanvit.learningspringboot.EmbedImageRepositoryTests" tests="2" skipped="0" failures="0" errors="0" timestamp="2018-11-04T02:21:10" hostname="Fenchurch.local" time="0.346">
  <properties/>
  <testcase name="findAllShouldWork" classname="net.milanvit.learningspringboot.EmbedImageRepositoryTests" time="0.191"/>
  <testcase name="findByNameShouldWork" classname="net.milanvit.learningspringboot.EmbedImageRepositoryTests" time="0.154"/>
  <system-out><![CDATA[2018-11-04 11:21:07.980  INFO 14138 --- [    Test worker] t.a.d.m.DataMongoTestContextBootstrapper : Neither @ContextConfiguration nor @ContextHierarchy found for test class [net.milanvit.learningspringboot.EmbedImageRepositoryTests], using SpringBootContextLoader
2018-11-04 11:21:07.994  INFO 14138 --- [    Test worker] o.s.t.c.support.AbstractContextLoader    : Could not detect default resource locations for test class [net.milanvit.learningspringboot.EmbedImageRepositoryTests]: no resource found for suffixes {-context.xml, Context.groovy}.
2018-11-04 11:21:07.995  INFO 14138 --- [    Test worker] t.c.s.AnnotationConfigContextLoaderUtils : Could not detect default configuration classes for test class [net.milanvit.learningspringboot.EmbedImageRepositoryTests]: EmbedImageRepositoryTests does not declare any static, non-private, non-final, nested classes annotated with @Configuration.
2018-11-04 11:21:08.002  INFO 14138 --- [    Test worker] .b.t.c.SpringBootTestContextBootstrapper : Found @SpringBootConfiguration net.milanvit.learningspringboot.LearningSpringBootApplication for test class net.milanvit.learningspringboot.EmbedImageRepositoryTests
2018-11-04 11:21:08.004  INFO 14138 --- [    Test worker] t.a.d.m.DataMongoTestContextBootstrapper : Loaded default TestExecutionListener class names from location [META-INF/spring.factories]: [org.springframework.boot.test.autoconfigure.restdocs.RestDocsTestExecutionListener, org.springframework.boot.test.autoconfigure.web.client.MockRestServiceServerResetTestExecutionListener, org.springframework.boot.test.autoconfigure.web.servlet.MockMvcPrintOnlyOnFailureTestExecutionListener, org.springframework.boot.test.autoconfigure.web.servlet.WebDriverTestExecutionListener, org.springframework.boot.test.mock.mockito.MockitoTestExecutionListener, org.springframework.boot.test.mock.mockito.ResetMocksTestExecutionListener, org.springframework.test.context.web.ServletTestExecutionListener, org.springframework.test.context.support.DirtiesContextBeforeModesTestExecutionListener, org.springframework.test.context.support.DependencyInjectionTestExecutionListener, org.springframework.test.context.support.DirtiesContextTestExecutionListener, org.springframework.test.context.transaction.TransactionalTestExecutionListener, org.springframework.test.context.jdbc.SqlScriptsTestExecutionListener]
2018-11-04 11:21:08.007  INFO 14138 --- [    Test worker] t.a.d.m.DataMongoTestContextBootstrapper : Using TestExecutionListeners: [org.springframework.test.context.support.DirtiesContextBeforeModesTestExecutionListener@25cacab5, org.springframework.boot.test.mock.mockito.MockitoTestExecutionListener@57e17d7f, org.springframework.boot.test.autoconfigure.SpringBootDependencyInjectionTestExecutionListener@5a27a2c2, org.springframework.test.context.support.DirtiesContextTestExecutionListener@3a283ce2, org.springframework.test.context.transaction.TransactionalTestExecutionListener@49c4c670, org.springframework.test.context.jdbc.SqlScriptsTestExecutionListener@159240b2, org.springframework.boot.test.autoconfigure.restdocs.RestDocsTestExecutionListener@7244c170, org.springframework.boot.test.autoconfigure.web.client.MockRestServiceServerResetTestExecutionListener@9f03cf6, org.springframework.boot.test.autoconfigure.web.servlet.MockMvcPrintOnlyOnFailureTestExecutionListener@66689cfe, org.springframework.boot.test.autoconfigure.web.servlet.WebDriverTestExecutionListener@6178c751, org.springframework.boot.test.mock.mockito.ResetMocksTestExecutionListener@35e3c54f]
2018-11-04 11:21:08.055  INFO 14138 --- [    Test worker] .e.DevToolsPropertyDefaultsPostProcessor : Devtools property defaults active! Set 'spring.devtools.add-properties' to 'false' to disable

  .   ____          _            __ _ _
 /\\ / ___'_ __ _ _(_)_ __  __ _ \ \ \ \
( ( )\___ | '_ | '_| | '_ \/ _` | \ \ \ \
 \\/  ___)| |_)| | | | | || (_| |  ) ) ) )
  '  |____| .__|_| |_|_| |_\__, | / / / /
 =========|_|==============|___/=/_/_/_/
 :: Spring Boot ::        (v2.1.0.RELEASE)

2018-11-04 11:21:08.086  INFO 14138 --- [    Test worker] n.m.l.EmbedImageRepositoryTests          : Starting EmbedImageRepositoryTests on Fenchurch.local with PID 14138 (started by milanvit in /Users/milanvit/Documents/Packt/Learning Spring Boot)
2018-11-04 11:21:08.087 DEBUG 14138 --- [    Test worker] n.m.l.EmbedImageRepositoryTests          : Running with Spring Boot v2.1.0.RELEASE, Spring v5.1.2.RELEASE
2018-11-04 11:21:08.089  INFO 14138 --- [    Test worker] n.m.l.EmbedImageRepositoryTests          : No active profile set, falling back to default profiles: default
2018-11-04 11:21:08.385  INFO 14138 --- [    Test worker] .s.d.r.c.RepositoryConfigurationDelegate : Bootstrapping Spring Data repositories in DEFAULT mode.
2018-11-04 11:21:08.386 DEBUG 14138 --- [    Test worker] .s.d.r.c.RepositoryConfigurationDelegate : Scanning for repositories in packages net.milanvit.learningspringboot.
2018-11-04 11:21:08.391 TRACE 14138 --- [    Test worker] o.s.d.r.c.RepositoryComponentProvider    : Scanning file [/Users/milanvit/Documents/Packt/Learning Spring Boot/build/classes/java/test/net/milanvit/learningspringboot/EmbedImageRepositoryTests.class]
2018-11-04 11:21:08.392 TRACE 14138 --- [    Test worker] o.s.d.r.c.RepositoryComponentProvider    : Ignored because not matching any filter: file [/Users/milanvit/Documents/Packt/Learning Spring Boot/build/classes/java/test/net/milanvit/learningspringboot/EmbedImageRepositoryTests.class]
2018-11-04 11:21:08.392 TRACE 14138 --- [    Test worker] o.s.d.r.c.RepositoryComponentProvider    : Scanning file [/Users/milanvit/Documents/Packt/Learning Spring Boot/build/classes/java/test/net/milanvit/learningspringboot/EndToEndTests.class]
2018-11-04 11:21:08.393 TRACE 14138 --- [    Test worker] o.s.d.r.c.RepositoryComponentProvider    : Ignored because not matching any filter: file [/Users/milanvit/Documents/Packt/Learning Spring Boot/build/classes/java/test/net/milanvit/learningspringboot/EndToEndTests.class]
2018-11-04 11:21:08.393 TRACE 14138 --- [    Test worker] o.s.d.r.c.RepositoryComponentProvider    : Scanning file [/Users/milanvit/Documents/Packt/Learning Spring Boot/build/classes/java/test/net/milanvit/learningspringboot/HomeControllerTests.class]
2018-11-04 11:21:08.393 TRACE 14138 --- [    Test worker] o.s.d.r.c.RepositoryComponentProvider    : Ignored because not matching any filter: file [/Users/milanvit/Documents/Packt/Learning Spring Boot/build/classes/java/test/net/milanvit/learningspringboot/HomeControllerTests.class]
2018-11-04 11:21:08.394 TRACE 14138 --- [    Test worker] o.s.d.r.c.RepositoryComponentProvider    : Scanning file [/Users/milanvit/Documents/Packt/Learning Spring Boot/build/classes/java/test/net/milanvit/learningspringboot/ImageServiceTests.class]
2018-11-04 11:21:08.394 TRACE 14138 --- [    Test worker] o.s.d.r.c.RepositoryComponentProvider    : Ignored because not matching any filter: file [/Users/milanvit/Documents/Packt/Learning Spring Boot/build/classes/java/test/net/milanvit/learningspringboot/ImageServiceTests.class]
2018-11-04 11:21:08.395 TRACE 14138 --- [    Test worker] o.s.d.r.c.RepositoryComponentProvider    : Scanning file [/Users/milanvit/Documents/Packt/Learning Spring Boot/build/classes/java/test/net/milanvit/learningspringboot/ImageTests.class]
2018-11-04 11:21:08.395 TRACE 14138 --- [    Test worker] o.s.d.r.c.RepositoryComponentProvider    : Ignored because not matching any filter: file [/Users/milanvit/Documents/Packt/Learning Spring Boot/build/classes/java/test/net/milanvit/learningspringboot/ImageTests.class]
2018-11-04 11:21:08.395 TRACE 14138 --- [    Test worker] o.s.d.r.c.RepositoryComponentProvider    : Scanning file [/Users/milanvit/Documents/Packt/Learning Spring Boot/build/classes/java/test/net/milanvit/learningspringboot/LiveImageRepositoryTests.class]
2018-11-04 11:21:08.396 TRACE 14138 --- [    Test worker] o.s.d.r.c.RepositoryComponentProvider    : Ignored because not matching any filter: file [/Users/milanvit/Documents/Packt/Learning Spring Boot/build/classes/java/test/net/milanvit/learningspringboot/LiveImageRepositoryTests.class]
2018-11-04 11:21:08.396 TRACE 14138 --- [    Test worker] o.s.d.r.c.RepositoryComponentProvider    : Scanning file [/Users/milanvit/Documents/Packt/Learning Spring Boot/build/classes/java/main/net/milanvit/learningspringboot/APIController.class]
2018-11-04 11:21:08.397 TRACE 14138 --- [    Test worker] o.s.d.r.c.RepositoryComponentProvider    : Ignored because not matching any filter: file [/Users/milanvit/Documents/Packt/Learning Spring Boot/build/classes/java/main/net/milanvit/learningspringboot/APIController.class]
2018-11-04 11:21:08.397 TRACE 14138 --- [    Test worker] o.s.d.r.c.RepositoryComponentProvider    : Scanning file [/Users/milanvit/Documents/Packt/Learning Spring Boot/build/classes/java/main/net/milanvit/learningspringboot/HomeController.class]
2018-11-04 11:21:08.397 TRACE 14138 --- [    Test worker] o.s.d.r.c.RepositoryComponentProvider    : Ignored because not matching any filter: file [/Users/milanvit/Documents/Packt/Learning Spring Boot/build/classes/java/main/net/milanvit/learningspringboot/HomeController.class]
2018-11-04 11:21:08.397 TRACE 14138 --- [    Test worker] o.s.d.r.c.RepositoryComponentProvider    : Scanning file [/Users/milanvit/Documents/Packt/Learning Spring Boot/build/classes/java/main/net/milanvit/learningspringboot/Image.class]
2018-11-04 11:21:08.398 TRACE 14138 --- [    Test worker] o.s.d.r.c.RepositoryComponentProvider    : Ignored because not matching any filter: file [/Users/milanvit/Documents/Packt/Learning Spring Boot/build/classes/java/main/net/milanvit/learningspringboot/Image.class]
2018-11-04 11:21:08.398 TRACE 14138 --- [    Test worker] o.s.d.r.c.RepositoryComponentProvider    : Scanning file [/Users/milanvit/Documents/Packt/Learning Spring Boot/build/classes/java/main/net/milanvit/learningspringboot/ImageRepository.class]
2018-11-04 11:21:08.400 DEBUG 14138 --- [    Test worker] o.s.d.r.c.RepositoryComponentProvider    : Identified candidate component class: file [/Users/milanvit/Documents/Packt/Learning Spring Boot/build/classes/java/main/net/milanvit/learningspringboot/ImageRepository.class]
2018-11-04 11:21:08.400 TRACE 14138 --- [    Test worker] o.s.d.r.c.RepositoryComponentProvider    : Scanning file [/Users/milanvit/Documents/Packt/Learning Spring Boot/build/classes/java/main/net/milanvit/learningspringboot/ImageService.class]
2018-11-04 11:21:08.401 TRACE 14138 --- [    Test worker] o.s.d.r.c.RepositoryComponentProvider    : Ignored because not matching any filter: file [/Users/milanvit/Documents/Packt/Learning Spring Boot/build/classes/java/main/net/milanvit/learningspringboot/ImageService.class]
2018-11-04 11:21:08.401 TRACE 14138 --- [    Test worker] o.s.d.r.c.RepositoryComponentProvider    : Scanning file [/Users/milanvit/Documents/Packt/Learning Spring Boot/build/classes/java/main/net/milanvit/learningspringboot/InitDatabase.class]
2018-11-04 11:21:08.401 TRACE 14138 --- [    Test worker] o.s.d.r.c.RepositoryComponentProvider    : Ignored because not matching any filter: file [/Users/milanvit/Documents/Packt/Learning Spring Boot/build/classes/java/main/net/milanvit/learningspringboot/InitDatabase.class]
2018-11-04 11:21:08.402 TRACE 14138 --- [    Test worker] o.s.d.r.c.RepositoryComponentProvider    : Scanning file [/Users/milanvit/Documents/Packt/Learning Spring Boot/build/classes/java/main/net/milanvit/learningspringboot/LearningSpringBootApplication.class]
2018-11-04 11:21:08.402 TRACE 14138 --- [    Test worker] o.s.d.r.c.RepositoryComponentProvider    : Ignored because not matching any filter: file [/Users/milanvit/Documents/Packt/Learning Spring Boot/build/classes/java/main/net/milanvit/learningspringboot/LearningSpringBootApplication.class]
2018-11-04 11:21:08.402 TRACE 14138 --- [    Test worker] o.s.d.r.c.RepositoryComponentProvider    : Scanning file [/Users/milanvit/Documents/Packt/Learning Spring Boot/build/classes/java/main/net/milanvit/learningspringboot/LearningSpringBootHealthIndicator.class]
2018-11-04 11:21:08.403 TRACE 14138 --- [    Test worker] o.s.d.r.c.RepositoryComponentProvider    : Ignored because not matching any filter: file [/Users/milanvit/Documents/Packt/Learning Spring Boot/build/classes/java/main/net/milanvit/learningspringboot/LearningSpringBootHealthIndicator.class]
2018-11-04 11:21:08.409 TRACE 14138 --- [    Test worker] .s.d.r.c.RepositoryConfigurationDelegate : Spring Data Reactive MongoDB - Registering repository: imageRepository - Interface: net.milanvit.learningspringboot.ImageRepository - Factory: org.springframework.data.mongodb.repository.support.ReactiveMongoRepositoryFactoryBean
2018-11-04 11:21:08.409  INFO 14138 --- [    Test worker] .s.d.r.c.RepositoryConfigurationDelegate : Finished Spring Data repository scanning in 22ms. Found 1 repository interfaces.
2018-11-04 11:21:08.413  INFO 14138 --- [    Test worker] .s.d.r.c.RepositoryConfigurationDelegate : Bootstrapping Spring Data repositories in DEFAULT mode.
2018-11-04 11:21:08.413 DEBUG 14138 --- [    Test worker] .s.d.r.c.RepositoryConfigurationDelegate : Scanning for repositories in packages net.milanvit.learningspringboot.
2018-11-04 11:21:08.417 TRACE 14138 --- [    Test worker] o.s.d.r.c.RepositoryComponentProvider    : Scanning file [/Users/milanvit/Documents/Packt/Learning Spring Boot/build/classes/java/test/net/milanvit/learningspringboot/EmbedImageRepositoryTests.class]
2018-11-04 11:21:08.417 TRACE 14138 --- [    Test worker] o.s.d.r.c.RepositoryComponentProvider    : Ignored because not matching any filter: file [/Users/milanvit/Documents/Packt/Learning Spring Boot/build/classes/java/test/net/milanvit/learningspringboot/EmbedImageRepositoryTests.class]
2018-11-04 11:21:08.418 TRACE 14138 --- [    Test worker] o.s.d.r.c.RepositoryComponentProvider    : Scanning file [/Users/milanvit/Documents/Packt/Learning Spring Boot/build/classes/java/test/net/milanvit/learningspringboot/EndToEndTests.class]
2018-11-04 11:21:08.418 TRACE 14138 --- [    Test worker] o.s.d.r.c.RepositoryComponentProvider    : Ignored because not matching any filter: file [/Users/milanvit/Documents/Packt/Learning Spring Boot/build/classes/java/test/net/milanvit/learningspringboot/EndToEndTests.class]
2018-11-04 11:21:08.418 TRACE 14138 --- [    Test worker] o.s.d.r.c.RepositoryComponentProvider    : Scanning file [/Users/milanvit/Documents/Packt/Learning Spring Boot/build/classes/java/test/net/milanvit/learningspringboot/HomeControllerTests.class]
2018-11-04 11:21:08.419 TRACE 14138 --- [    Test worker] o.s.d.r.c.RepositoryComponentProvider    : Ignored because not matching any filter: file [/Users/milanvit/Documents/Packt/Learning Spring Boot/build/classes/java/test/net/milanvit/learningspringboot/HomeControllerTests.class]
2018-11-04 11:21:08.419 TRACE 14138 --- [    Test worker] o.s.d.r.c.RepositoryComponentProvider    : Scanning file [/Users/milanvit/Documents/Packt/Learning Spring Boot/build/classes/java/test/net/milanvit/learningspringboot/ImageServiceTests.class]
2018-11-04 11:21:08.420 TRACE 14138 --- [    Test worker] o.s.d.r.c.RepositoryComponentProvider    : Ignored because not matching any filter: file [/Users/milanvit/Documents/Packt/Learning Spring Boot/build/classes/java/test/net/milanvit/learningspringboot/ImageServiceTests.class]
2018-11-04 11:21:08.420 TRACE 14138 --- [    Test worker] o.s.d.r.c.RepositoryComponentProvider    : Scanning file [/Users/milanvit/Documents/Packt/Learning Spring Boot/build/classes/java/test/net/milanvit/learningspringboot/ImageTests.class]
2018-11-04 11:21:08.421 TRACE 14138 --- [    Test worker] o.s.d.r.c.RepositoryComponentProvider    : Ignored because not matching any filter: file [/Users/milanvit/Documents/Packt/Learning Spring Boot/build/classes/java/test/net/milanvit/learningspringboot/ImageTests.class]
2018-11-04 11:21:08.421 TRACE 14138 --- [    Test worker] o.s.d.r.c.RepositoryComponentProvider    : Scanning file [/Users/milanvit/Documents/Packt/Learning Spring Boot/build/classes/java/test/net/milanvit/learningspringboot/LiveImageRepositoryTests.class]
2018-11-04 11:21:08.421 TRACE 14138 --- [    Test worker] o.s.d.r.c.RepositoryComponentProvider    : Ignored because not matching any filter: file [/Users/milanvit/Documents/Packt/Learning Spring Boot/build/classes/java/test/net/milanvit/learningspringboot/LiveImageRepositoryTests.class]
2018-11-04 11:21:08.422 TRACE 14138 --- [    Test worker] o.s.d.r.c.RepositoryComponentProvider    : Scanning file [/Users/milanvit/Documents/Packt/Learning Spring Boot/build/classes/java/main/net/milanvit/learningspringboot/APIController.class]
2018-11-04 11:21:08.422 TRACE 14138 --- [    Test worker] o.s.d.r.c.RepositoryComponentProvider    : Ignored because not matching any filter: file [/Users/milanvit/Documents/Packt/Learning Spring Boot/build/classes/java/main/net/milanvit/learningspringboot/APIController.class]
2018-11-04 11:21:08.422 TRACE 14138 --- [    Test worker] o.s.d.r.c.RepositoryComponentProvider    : Scanning file [/Users/milanvit/Documents/Packt/Learning Spring Boot/build/classes/java/main/net/milanvit/learningspringboot/HomeController.class]
2018-11-04 11:21:08.422 TRACE 14138 --- [    Test worker] o.s.d.r.c.RepositoryComponentProvider    : Ignored because not matching any filter: file [/Users/milanvit/Documents/Packt/Learning Spring Boot/build/classes/java/main/net/milanvit/learningspringboot/HomeController.class]
2018-11-04 11:21:08.422 TRACE 14138 --- [    Test worker] o.s.d.r.c.RepositoryComponentProvider    : Scanning file [/Users/milanvit/Documents/Packt/Learning Spring Boot/build/classes/java/main/net/milanvit/learningspringboot/Image.class]
2018-11-04 11:21:08.423 TRACE 14138 --- [    Test worker] o.s.d.r.c.RepositoryComponentProvider    : Ignored because not matching any filter: file [/Users/milanvit/Documents/Packt/Learning Spring Boot/build/classes/java/main/net/milanvit/learningspringboot/Image.class]
2018-11-04 11:21:08.423 TRACE 14138 --- [    Test worker] o.s.d.r.c.RepositoryComponentProvider    : Scanning file [/Users/milanvit/Documents/Packt/Learning Spring Boot/build/classes/java/main/net/milanvit/learningspringboot/ImageRepository.class]
2018-11-04 11:21:08.423 DEBUG 14138 --- [    Test worker] o.s.d.r.c.RepositoryComponentProvider    : Identified candidate component class: file [/Users/milanvit/Documents/Packt/Learning Spring Boot/build/classes/java/main/net/milanvit/learningspringboot/ImageRepository.class]
2018-11-04 11:21:08.424 TRACE 14138 --- [    Test worker] o.s.d.r.c.RepositoryComponentProvider    : Scanning file [/Users/milanvit/Documents/Packt/Learning Spring Boot/build/classes/java/main/net/milanvit/learningspringboot/ImageService.class]
2018-11-04 11:21:08.424 TRACE 14138 --- [    Test worker] o.s.d.r.c.RepositoryComponentProvider    : Ignored because not matching any filter: file [/Users/milanvit/Documents/Packt/Learning Spring Boot/build/classes/java/main/net/milanvit/learningspringboot/ImageService.class]
2018-11-04 11:21:08.424 TRACE 14138 --- [    Test worker] o.s.d.r.c.RepositoryComponentProvider    : Scanning file [/Users/milanvit/Documents/Packt/Learning Spring Boot/build/classes/java/main/net/milanvit/learningspringboot/InitDatabase.class]
2018-11-04 11:21:08.424 TRACE 14138 --- [    Test worker] o.s.d.r.c.RepositoryComponentProvider    : Ignored because not matching any filter: file [/Users/milanvit/Documents/Packt/Learning Spring Boot/build/classes/java/main/net/milanvit/learningspringboot/InitDatabase.class]
2018-11-04 11:21:08.425 TRACE 14138 --- [    Test worker] o.s.d.r.c.RepositoryComponentProvider    : Scanning file [/Users/milanvit/Documents/Packt/Learning Spring Boot/build/classes/java/main/net/milanvit/learningspringboot/LearningSpringBootApplication.class]
2018-11-04 11:21:08.425 TRACE 14138 --- [    Test worker] o.s.d.r.c.RepositoryComponentProvider    : Ignored because not matching any filter: file [/Users/milanvit/Documents/Packt/Learning Spring Boot/build/classes/java/main/net/milanvit/learningspringboot/LearningSpringBootApplication.class]
2018-11-04 11:21:08.425 TRACE 14138 --- [    Test worker] o.s.d.r.c.RepositoryComponentProvider    : Scanning file [/Users/milanvit/Documents/Packt/Learning Spring Boot/build/classes/java/main/net/milanvit/learningspringboot/LearningSpringBootHealthIndicator.class]
2018-11-04 11:21:08.425 TRACE 14138 --- [    Test worker] o.s.d.r.c.RepositoryComponentProvider    : Ignored because not matching any filter: file [/Users/milanvit/Documents/Packt/Learning Spring Boot/build/classes/java/main/net/milanvit/learningspringboot/LearningSpringBootHealthIndicator.class]
2018-11-04 11:21:08.426  INFO 14138 --- [    Test worker] .s.d.r.c.RepositoryConfigurationDelegate : Finished Spring Data repository scanning in 13ms. Found 0 repository interfaces.
2018-11-04 11:21:09.048  INFO 14138 --- [       Thread-8] o.s.b.a.mongo.embedded.EmbeddedMongo     : note: noprealloc may hurt performance in many applications
2018-11-04 11:21:09.067  INFO 14138 --- [       Thread-8] o.s.b.a.mongo.embedded.EmbeddedMongo     : 2018-11-04T11:21:09.066+0900 I CONTROL  [initandlisten] MongoDB starting : pid=14295 port=61320 dbpath=/var/folders/d7/nrg_w4690d75tlr6xx0tp20c0000gq/T/embedmongo-db-27b68740-f60c-4c8f-a8df-6a387934695c 64-bit host=Fenchurch.local
2018-11-04 11:21:09.067  INFO 14138 --- [       Thread-8] o.s.b.a.mongo.embedded.EmbeddedMongo     : 2018-11-04T11:21:09.067+0900 I CONTROL  [initandlisten] db version v3.5.5
2018-11-04 11:21:09.067  INFO 14138 --- [       Thread-8] o.s.b.a.mongo.embedded.EmbeddedMongo     : 2018-11-04T11:21:09.067+0900 I CONTROL  [initandlisten] git version: 98515c812b6fa893613f063dae568ff8319cbfbd
2018-11-04 11:21:09.067  INFO 14138 --- [       Thread-8] o.s.b.a.mongo.embedded.EmbeddedMongo     : 2018-11-04T11:21:09.067+0900 I CONTROL  [initandlisten] allocator: system
2018-11-04 11:21:09.068  INFO 14138 --- [       Thread-8] o.s.b.a.mongo.embedded.EmbeddedMongo     : 2018-11-04T11:21:09.067+0900 I CONTROL  [initandlisten] modules: none
2018-11-04 11:21:09.068  INFO 14138 --- [       Thread-8] o.s.b.a.mongo.embedded.EmbeddedMongo     : 2018-11-04T11:21:09.067+0900 I CONTROL  [initandlisten] build environment:
2018-11-04 11:21:09.068  INFO 14138 --- [       Thread-8] o.s.b.a.mongo.embedded.EmbeddedMongo     : 2018-11-04T11:21:09.067+0900 I CONTROL  [initandlisten]     distarch: x86_64
2018-11-04 11:21:09.068  INFO 14138 --- [       Thread-8] o.s.b.a.mongo.embedded.EmbeddedMongo     : 2018-11-04T11:21:09.067+0900 I CONTROL  [initandlisten]     target_arch: x86_64
2018-11-04 11:21:09.068  INFO 14138 --- [       Thread-8] o.s.b.a.mongo.embedded.EmbeddedMongo     : 2018-11-04T11:21:09.067+0900 I CONTROL  [initandlisten] options: { net: { bindIp: "127.0.0.1", http: { enabled: false }, port: 61320 }, security: { authorization: "disabled" }, storage: { dbPath: "/var/folders/d7/nrg_w4690d75tlr6xx0tp20c0000gq/T/embedmongo-db-27b68740-f60c-4c8f-a8df-6a387934695c", journal: { enabled: false }, mmapv1: { preallocDataFiles: false, smallFiles: true }, syncPeriodSecs: 0.0 } }
2018-11-04 11:21:09.069  INFO 14138 --- [       Thread-8] o.s.b.a.mongo.embedded.EmbeddedMongo     : 2018-11-04T11:21:09.068+0900 I STORAGE  [initandlisten] wiredtiger_open config: create,cache_size=7680M,session_max=20000,eviction=(threads_min=4,threads_max=4),config_base=false,statistics=(fast),log=(enabled=true,archive=true,path=journal,compressor=snappy),file_manager=(close_idle_time=100000),checkpoint=(wait=0,log_size=2GB),statistics_log=(wait=0),verbose=(recovery_progress),,log=(enabled=false),
2018-11-04 11:21:09.387  INFO 14138 --- [       Thread-8] o.s.b.a.mongo.embedded.EmbeddedMongo     : 2018-11-04T11:21:09.387+0900 W STORAGE  [initandlisten] Detected configuration for non-active storage engine mmapv1 when current storage engine is wiredTiger
2018-11-04 11:21:09.387  INFO 14138 --- [       Thread-8] o.s.b.a.mongo.embedded.EmbeddedMongo     : 2018-11-04T11:21:09.387+0900 I CONTROL  [initandlisten] 
2018-11-04 11:21:09.388  INFO 14138 --- [       Thread-8] o.s.b.a.mongo.embedded.EmbeddedMongo     : 2018-11-04T11:21:09.387+0900 I CONTROL  [initandlisten] ** NOTE: This is a development version (3.5.5) of MongoDB.
2018-11-04 11:21:09.388  INFO 14138 --- [       Thread-8] o.s.b.a.mongo.embedded.EmbeddedMongo     : 2018-11-04T11:21:09.387+0900 I CONTROL  [initandlisten] **       Not recommended for production.
2018-11-04 11:21:09.388  INFO 14138 --- [       Thread-8] o.s.b.a.mongo.embedded.EmbeddedMongo     : 2018-11-04T11:21:09.387+0900 I CONTROL  [initandlisten] 
2018-11-04 11:21:09.512  INFO 14138 --- [       Thread-8] o.s.b.a.mongo.embedded.EmbeddedMongo     : 2018-11-04T11:21:09.511+0900 I FTDC     [initandlisten] Initializing full-time diagnostic data capture with directory '/var/folders/d7/nrg_w4690d75tlr6xx0tp20c0000gq/T/embedmongo-db-27b68740-f60c-4c8f-a8df-6a387934695c/diagnostic.data'
2018-11-04 11:21:09.719  INFO 14138 --- [       Thread-8] o.s.b.a.mongo.embedded.EmbeddedMongo     : 2018-11-04T11:21:09.718+0900 I INDEX    [initandlisten] build index on: admin.system.version properties: { v: 2, key: { version: 1 }, name: "incompatible_with_version_32", ns: "admin.system.version" }
2018-11-04 11:21:09.719  INFO 14138 --- [       Thread-8] o.s.b.a.mongo.embedded.EmbeddedMongo     : 2018-11-04T11:21:09.719+0900 I INDEX    [initandlisten] 	 building index using bulk method; build may temporarily use up to 500 megabytes of RAM
2018-11-04 11:21:09.735  INFO 14138 --- [       Thread-8] o.s.b.a.mongo.embedded.EmbeddedMongo     : 2018-11-04T11:21:09.734+0900 I INDEX    [initandlisten] build index done.  scanned 0 total records. 0 secs
2018-11-04 11:21:09.736  INFO 14138 --- [       Thread-8] o.s.b.a.mongo.embedded.EmbeddedMongo     : 2018-11-04T11:21:09.735+0900 I COMMAND  [initandlisten] setting featureCompatibilityVersion to 3.4
2018-11-04 11:21:09.736  INFO 14138 --- [       Thread-8] o.s.b.a.mongo.embedded.EmbeddedMongo     : 2018-11-04T11:21:09.736+0900 I NETWORK  [thread1] waiting for connections on port 61320
2018-11-04 11:21:09.737  INFO 14138 --- [    Test worker] d.f.embed.mongo.MongodExecutable         : start de.flapdoodle.embed.mongo.config.MongodConfigBuilder$ImmutableMongodConfig@50f2a18e
2018-11-04 11:21:09.747  INFO 14138 --- [    Test worker] org.mongodb.driver.cluster               : Cluster created with settings {hosts=[localhost:61320], mode=MULTIPLE, requiredClusterType=UNKNOWN, serverSelectionTimeout='30000 ms', maxWaitQueueSize=500}
2018-11-04 11:21:09.747  INFO 14138 --- [    Test worker] org.mongodb.driver.cluster               : Adding discovered server localhost:61320 to client view of cluster
2018-11-04 11:21:09.758  INFO 14138 --- [       Thread-8] o.s.b.a.mongo.embedded.EmbeddedMongo     : 2018-11-04T11:21:09.756+0900 I NETWORK  [thread1] connection accepted from 127.0.0.1:61327 #1 (1 connection now open)
2018-11-04 11:21:09.759  INFO 14138 --- [       Thread-8] o.s.b.a.mongo.embedded.EmbeddedMongo     : 2018-11-04T11:21:09.758+0900 I NETWORK  [conn1] received client metadata from 127.0.0.1:61327 conn1: { driver: { name: "mongo-java-driver", version: "3.8.2" }, os: { type: "Darwin", name: "Mac OS X", architecture: "x86_64", version: "10.13.6" }, platform: "Java/Oracle Corporation/10.0.1+10" }
2018-11-04 11:21:09.762  INFO 14138 --- [localhost:61320] org.mongodb.driver.connection            : Opened connection [connectionId{localValue:5, serverValue:1}] to localhost:61320
2018-11-04 11:21:09.763  INFO 14138 --- [localhost:61320] org.mongodb.driver.cluster               : Monitor thread successfully connected to server with description ServerDescription{address=localhost:61320, type=STANDALONE, state=CONNECTED, ok=true, version=ServerVersion{versionList=[3, 5, 5]}, minWireVersion=0, maxWireVersion=5, maxDocumentSize=16777216, logicalSessionTimeoutMinutes=null, roundTripTimeNanos=863352}
2018-11-04 11:21:09.765  INFO 14138 --- [localhost:61320] org.mongodb.driver.cluster               : Discovered cluster type of STANDALONE
2018-11-04 11:21:09.872 DEBUG 14138 --- [    Test worker] .m.c.i.MongoPersistentEntityIndexCreator : Analyzing class class net.milanvit.learningspringboot.Image for index information.
2018-11-04 11:21:09.945  INFO 14138 --- [    Test worker] org.mongodb.driver.cluster               : Cluster created with settings {hosts=[localhost:61320], mode=SINGLE, requiredClusterType=UNKNOWN, serverSelectionTimeout='30000 ms', maxWaitQueueSize=500}
2018-11-04 11:21:09.950  INFO 14138 --- [       Thread-8] o.s.b.a.mongo.embedded.EmbeddedMongo     : 2018-11-04T11:21:09.949+0900 I NETWORK  [thread1] connection accepted from 127.0.0.1:61328 #2 (2 connections now open)
2018-11-04 11:21:09.966  INFO 14138 --- [       Thread-8] o.s.b.a.mongo.embedded.EmbeddedMongo     : 2018-11-04T11:21:09.965+0900 I NETWORK  [conn2] received client metadata from 127.0.0.1:61328 conn2: { driver: { name: "mongo-java-driver|mongo-java-driver-reactivestreams", version: "3.8.2|1.9.2" }, os: { type: "Darwin", name: "Mac OS X", architecture: "x86_64", version: "10.13.6" }, platform: "Java/Oracle Corporation/10.0.1+10" }
2018-11-04 11:21:09.980 DEBUG 14138 --- [    Test worker] eactiveMongoPersistentEntityIndexCreator : Analyzing class class net.milanvit.learningspringboot.Image for index information.
2018-11-04 11:21:09.990  INFO 14138 --- [localhost:61320] org.mongodb.driver.connection            : Opened connection [connectionId{localValue:6, serverValue:2}] to localhost:61320
2018-11-04 11:21:09.994  INFO 14138 --- [localhost:61320] org.mongodb.driver.cluster               : Monitor thread successfully connected to server with description ServerDescription{address=localhost:61320, type=STANDALONE, state=CONNECTED, ok=true, version=ServerVersion{versionList=[3, 5, 5]}, minWireVersion=0, maxWireVersion=5, maxDocumentSize=16777216, logicalSessionTimeoutMinutes=null, roundTripTimeNanos=3076573}
2018-11-04 11:21:10.066 DEBUG 14138 --- [    Test worker] o.s.d.r.c.s.RepositoryFactorySupport     : Initializing repository instance for net.milanvit.learningspringboot.ImageRepository…
2018-11-04 11:21:10.083 DEBUG 14138 --- [    Test worker] o.s.d.r.c.s.RepositoryFactorySupport     : Finished creation of repository instance for net.milanvit.learningspringboot.ImageRepository.
2018-11-04 11:21:10.111  INFO 14138 --- [    Test worker] n.m.l.EmbedImageRepositoryTests          : Started EmbedImageRepositoryTests in 2.098 seconds (JVM running for 13.543)
2018-11-04 11:21:10.120  INFO 14138 --- [       Thread-8] o.s.b.a.mongo.embedded.EmbeddedMongo     : 2018-11-04T11:21:10.119+0900 I NETWORK  [thread1] connection accepted from 127.0.0.1:61329 #3 (3 connections now open)
2018-11-04 11:21:10.120  INFO 14138 --- [       Thread-8] o.s.b.a.mongo.embedded.EmbeddedMongo     : 2018-11-04T11:21:10.120+0900 I NETWORK  [conn3] received client metadata from 127.0.0.1:61329 conn3: { driver: { name: "mongo-java-driver", version: "3.8.2" }, os: { type: "Darwin", name: "Mac OS X", architecture: "x86_64", version: "10.13.6" }, platform: "Java/Oracle Corporation/10.0.1+10" }
2018-11-04 11:21:10.123  INFO 14138 --- [    Test worker] org.mongodb.driver.connection            : Opened connection [connectionId{localValue:7, serverValue:3}] to localhost:61320
2018-11-04 11:21:10.123  INFO 14138 --- [       Thread-8] o.s.b.a.mongo.embedded.EmbeddedMongo     : 2018-11-04T11:21:10.123+0900 I COMMAND  [conn3] CMD: drop test.image
2018-11-04 11:21:10.126 DEBUG 14138 --- [    Test worker] o.s.data.mongodb.core.MongoTemplate      : Dropped collection [image]
2018-11-04 11:21:10.131 DEBUG 14138 --- [    Test worker] o.s.data.mongodb.core.MongoTemplate      : Inserting Document containing fields: [_id, name, _class] in collection: image
2018-11-04 11:21:10.261  INFO 14138 --- [       Thread-8] o.s.b.a.mongo.embedded.EmbeddedMongo     : 2018-11-04T11:21:10.260+0900 I COMMAND  [conn3] command test.image command: insert { insert: "image", ordered: true, documents: [ { _id: "1", name: "learning-spring-boot-cover.jpg", _class: "net.milanvit.learningspringboot.Image" } ] } ninserted:1 keysInserted:1 numYields:0 reslen:44 locks:{ Global: { acquireCount: { r: 3, w: 3 } }, Database: { acquireCount: { w: 2, W: 1 } }, Collection: { acquireCount: { w: 2 } } } protocol:op_query 126ms
2018-11-04 11:21:10.264 DEBUG 14138 --- [    Test worker] o.s.data.mongodb.core.MongoTemplate      : Inserting Document containing fields: [_id, name, _class] in collection: image
2018-11-04 11:21:10.265 DEBUG 14138 --- [    Test worker] o.s.data.mongodb.core.MongoTemplate      : Inserting Document containing fields: [_id, name, _class] in collection: image
Image(id=1, name=learning-spring-boot-cover.jpg)
Image(id=2, name=learning-spring-boot-2nd-edition-cover.jpg)
Image(id=3, name=bazinga.png)
2018-11-04 11:21:10.273 DEBUG 14138 --- [    Test worker] o.s.d.m.core.ReactiveMongoTemplate       : find using query: { } fields: Document{{}} for class: class net.milanvit.learningspringboot.Image in collection: image
2018-11-04 11:21:10.278  INFO 14138 --- [       Thread-8] o.s.b.a.mongo.embedded.EmbeddedMongo     : 2018-11-04T11:21:10.278+0900 I NETWORK  [thread1] connection accepted from 127.0.0.1:61330 #4 (4 connections now open)
2018-11-04 11:21:10.291  INFO 14138 --- [       Thread-8] o.s.b.a.mongo.embedded.EmbeddedMongo     : 2018-11-04T11:21:10.291+0900 I NETWORK  [conn4] received client metadata from 127.0.0.1:61330 conn4: { driver: { name: "mongo-java-driver|mongo-java-driver-reactivestreams", version: "3.8.2|1.9.2" }, os: { type: "Darwin", name: "Mac OS X", architecture: "x86_64", version: "10.13.6" }, platform: "Java/Oracle Corporation/10.0.1+10" }
2018-11-04 11:21:10.302  INFO 14138 --- [ntLoopGroup-3-2] org.mongodb.driver.connection            : Opened connection [connectionId{localValue:8, serverValue:4}] to localhost:61320
2018-11-04 11:21:10.311  INFO 14138 --- [       Thread-8] o.s.b.a.mongo.embedded.EmbeddedMongo     : 2018-11-04T11:21:10.311+0900 I COMMAND  [conn3] CMD: drop test.image
2018-11-04 11:21:10.312 DEBUG 14138 --- [    Test worker] o.s.data.mongodb.core.MongoTemplate      : Dropped collection [image]
2018-11-04 11:21:10.313 DEBUG 14138 --- [    Test worker] o.s.data.mongodb.core.MongoTemplate      : Inserting Document containing fields: [_id, name, _class] in collection: image
2018-11-04 11:21:10.449  INFO 14138 --- [       Thread-8] o.s.b.a.mongo.embedded.EmbeddedMongo     : 2018-11-04T11:21:10.448+0900 I COMMAND  [conn3] command test.image command: insert { insert: "image", ordered: true, documents: [ { _id: "1", name: "learning-spring-boot-cover.jpg", _class: "net.milanvit.learningspringboot.Image" } ] } ninserted:1 keysInserted:1 numYields:0 reslen:44 locks:{ Global: { acquireCount: { r: 3, w: 3 } }, Database: { acquireCount: { w: 2, W: 1 } }, Collection: { acquireCount: { w: 2 } } } protocol:op_query 133ms
2018-11-04 11:21:10.449 DEBUG 14138 --- [    Test worker] o.s.data.mongodb.core.MongoTemplate      : Inserting Document containing fields: [_id, name, _class] in collection: image
2018-11-04 11:21:10.451 DEBUG 14138 --- [    Test worker] o.s.data.mongodb.core.MongoTemplate      : Inserting Document containing fields: [_id, name, _class] in collection: image
Image(id=1, name=learning-spring-boot-cover.jpg)
Image(id=2, name=learning-spring-boot-2nd-edition-cover.jpg)
Image(id=3, name=bazinga.png)
2018-11-04 11:21:10.455 DEBUG 14138 --- [    Test worker] o.s.d.m.r.query.MongoQueryCreator        : Created query Query: { "name" : "bazinga.png" }, Fields: { }, Sort: { }
2018-11-04 11:21:10.456 DEBUG 14138 --- [    Test worker] o.s.d.m.core.ReactiveMongoTemplate       : find using query: { "name" : "bazinga.png" } fields: Document{{}} for class: class net.milanvit.learningspringboot.Image in collection: image
]]></system-out>
  <system-err><![CDATA[]]></system-err>
</testsuite>
