<?xml version="1.0" encoding="UTF-8"?>
<testsuite name="net.milanvit.learningspringboot.LiveImageRepositoryTests" tests="2" skipped="0" failures="0" errors="0" timestamp="2018-11-04T02:21:06" hostname="Fenchurch.local" time="1.509">
  <properties/>
  <testcase name="findAllShouldWork" classname="net.milanvit.learningspringboot.LiveImageRepositoryTests" time="1.238"/>
  <testcase name="findByNameShouldWork" classname="net.milanvit.learningspringboot.LiveImageRepositoryTests" time="0.269"/>
  <system-out><![CDATA[11:20:59.762 [Test worker] DEBUG org.springframework.test.context.junit4.SpringJUnit4ClassRunner - SpringJUnit4ClassRunner constructor called with [class net.milanvit.learningspringboot.LiveImageRepositoryTests]
11:20:59.790 [Test worker] DEBUG org.springframework.test.context.BootstrapUtils - Instantiating CacheAwareContextLoaderDelegate from class [org.springframework.test.context.cache.DefaultCacheAwareContextLoaderDelegate]
11:20:59.802 [Test worker] DEBUG org.springframework.test.context.BootstrapUtils - Instantiating BootstrapContext using constructor [public org.springframework.test.context.support.DefaultBootstrapContext(java.lang.Class,org.springframework.test.context.CacheAwareContextLoaderDelegate)]
11:20:59.846 [Test worker] DEBUG org.springframework.test.context.BootstrapUtils - Instantiating TestContextBootstrapper for test class [net.milanvit.learningspringboot.LiveImageRepositoryTests] from class [org.springframework.boot.test.autoconfigure.data.mongo.DataMongoTestContextBootstrapper]
11:20:59.892 [Test worker] INFO org.springframework.boot.test.autoconfigure.data.mongo.DataMongoTestContextBootstrapper - Neither @ContextConfiguration nor @ContextHierarchy found for test class [net.milanvit.learningspringboot.LiveImageRepositoryTests], using SpringBootContextLoader
11:20:59.902 [Test worker] DEBUG org.springframework.test.context.support.AbstractContextLoader - Did not detect default resource location for test class [net.milanvit.learningspringboot.LiveImageRepositoryTests]: class path resource [net/milanvit/learningspringboot/LiveImageRepositoryTests-context.xml] does not exist
11:20:59.906 [Test worker] DEBUG org.springframework.test.context.support.AbstractContextLoader - Did not detect default resource location for test class [net.milanvit.learningspringboot.LiveImageRepositoryTests]: class path resource [net/milanvit/learningspringboot/LiveImageRepositoryTestsContext.groovy] does not exist
11:20:59.907 [Test worker] INFO org.springframework.test.context.support.AbstractContextLoader - Could not detect default resource locations for test class [net.milanvit.learningspringboot.LiveImageRepositoryTests]: no resource found for suffixes {-context.xml, Context.groovy}.
11:20:59.910 [Test worker] INFO org.springframework.test.context.support.AnnotationConfigContextLoaderUtils - Could not detect default configuration classes for test class [net.milanvit.learningspringboot.LiveImageRepositoryTests]: LiveImageRepositoryTests does not declare any static, non-private, non-final, nested classes annotated with @Configuration.
11:21:00.091 [Test worker] DEBUG org.springframework.test.context.support.ActiveProfilesUtils - Could not find an 'annotation declaring class' for annotation type [org.springframework.test.context.ActiveProfiles] and class [net.milanvit.learningspringboot.LiveImageRepositoryTests]
11:21:00.366 [Test worker] DEBUG org.springframework.context.annotation.ClassPathScanningCandidateComponentProvider - Identified candidate component class: file [/Users/milanvit/Documents/Packt/Learning Spring Boot/build/classes/java/main/net/milanvit/learningspringboot/LearningSpringBootApplication.class]
11:21:00.369 [Test worker] INFO org.springframework.boot.test.context.SpringBootTestContextBootstrapper - Found @SpringBootConfiguration net.milanvit.learningspringboot.LearningSpringBootApplication for test class net.milanvit.learningspringboot.LiveImageRepositoryTests
11:21:00.372 [Test worker] DEBUG org.springframework.boot.test.autoconfigure.data.mongo.DataMongoTestContextBootstrapper - @TestExecutionListeners is not present for class [net.milanvit.learningspringboot.LiveImageRepositoryTests]: using defaults.
11:21:00.378 [Test worker] INFO org.springframework.boot.test.autoconfigure.data.mongo.DataMongoTestContextBootstrapper - Loaded default TestExecutionListener class names from location [META-INF/spring.factories]: [org.springframework.boot.test.autoconfigure.restdocs.RestDocsTestExecutionListener, org.springframework.boot.test.autoconfigure.web.client.MockRestServiceServerResetTestExecutionListener, org.springframework.boot.test.autoconfigure.web.servlet.MockMvcPrintOnlyOnFailureTestExecutionListener, org.springframework.boot.test.autoconfigure.web.servlet.WebDriverTestExecutionListener, org.springframework.boot.test.mock.mockito.MockitoTestExecutionListener, org.springframework.boot.test.mock.mockito.ResetMocksTestExecutionListener, org.springframework.test.context.web.ServletTestExecutionListener, org.springframework.test.context.support.DirtiesContextBeforeModesTestExecutionListener, org.springframework.test.context.support.DependencyInjectionTestExecutionListener, org.springframework.test.context.support.DirtiesContextTestExecutionListener, org.springframework.test.context.transaction.TransactionalTestExecutionListener, org.springframework.test.context.jdbc.SqlScriptsTestExecutionListener]
11:21:00.397 [Test worker] DEBUG org.springframework.boot.test.autoconfigure.data.mongo.DataMongoTestContextBootstrapper - Skipping candidate TestExecutionListener [org.springframework.test.context.web.ServletTestExecutionListener] due to a missing dependency. Specify custom listener classes or make the default listener classes and their required dependencies available. Offending class: [javax/servlet/ServletContext]
11:21:00.410 [Test worker] INFO org.springframework.boot.test.autoconfigure.data.mongo.DataMongoTestContextBootstrapper - Using TestExecutionListeners: [org.springframework.test.context.support.DirtiesContextBeforeModesTestExecutionListener@21926cd, org.springframework.boot.test.mock.mockito.MockitoTestExecutionListener@789c28b2, org.springframework.boot.test.autoconfigure.SpringBootDependencyInjectionTestExecutionListener@254a624e, org.springframework.test.context.support.DirtiesContextTestExecutionListener@7c122f5a, org.springframework.test.context.transaction.TransactionalTestExecutionListener@3776415b, org.springframework.test.context.jdbc.SqlScriptsTestExecutionListener@2eb626bf, org.springframework.boot.test.autoconfigure.restdocs.RestDocsTestExecutionListener@58986935, org.springframework.boot.test.autoconfigure.web.client.MockRestServiceServerResetTestExecutionListener@351df583, org.springframework.boot.test.autoconfigure.web.servlet.MockMvcPrintOnlyOnFailureTestExecutionListener@30e406e2, org.springframework.boot.test.autoconfigure.web.servlet.WebDriverTestExecutionListener@2ff85d9f, org.springframework.boot.test.mock.mockito.ResetMocksTestExecutionListener@34b25894]
11:21:00.420 [Test worker] DEBUG org.springframework.test.annotation.ProfileValueUtils - Retrieved @ProfileValueSourceConfiguration [null] for test class [net.milanvit.learningspringboot.LiveImageRepositoryTests]
11:21:00.424 [Test worker] DEBUG org.springframework.test.annotation.ProfileValueUtils - Retrieved ProfileValueSource type [class org.springframework.test.annotation.SystemProfileValueSource] for class [net.milanvit.learningspringboot.LiveImageRepositoryTests]
11:21:00.426 [Test worker] DEBUG org.springframework.test.annotation.ProfileValueUtils - Retrieved @ProfileValueSourceConfiguration [null] for test class [net.milanvit.learningspringboot.LiveImageRepositoryTests]
11:21:00.427 [Test worker] DEBUG org.springframework.test.annotation.ProfileValueUtils - Retrieved ProfileValueSource type [class org.springframework.test.annotation.SystemProfileValueSource] for class [net.milanvit.learningspringboot.LiveImageRepositoryTests]
11:21:00.443 [Test worker] DEBUG org.springframework.test.context.support.AbstractDirtiesContextTestExecutionListener - Before test class: context [DefaultTestContext@1633d41c testClass = LiveImageRepositoryTests, testInstance = [null], testMethod = [null], testException = [null], mergedContextConfiguration = [MergedContextConfiguration@f44ba64 testClass = LiveImageRepositoryTests, locations = '{}', classes = '{class net.milanvit.learningspringboot.LearningSpringBootApplication}', contextInitializerClasses = '[]', activeProfiles = '{}', propertySourceLocations = '{}', propertySourceProperties = '{org.springframework.boot.test.autoconfigure.data.mongo.DataMongoTestContextBootstrapper=true}', contextCustomizers = set[org.springframework.boot.test.autoconfigure.OverrideAutoConfigurationContextCustomizerFactory$DisableAutoConfigurationContextCustomizer@641e16fe, org.springframework.boot.test.autoconfigure.filter.TypeExcludeFiltersContextCustomizer@351584c0, org.springframework.boot.test.autoconfigure.properties.PropertyMappingContextCustomizer@ab8f436c, org.springframework.boot.test.autoconfigure.web.servlet.WebDriverContextCustomizerFactory$Customizer@5da22e2f, [ImportsContextCustomizer@6fbb6874 key = [org.springframework.boot.autoconfigure.cache.CacheAutoConfiguration, org.springframework.boot.autoconfigure.data.mongo.MongoDataAutoConfiguration, org.springframework.boot.autoconfigure.data.mongo.MongoReactiveDataAutoConfiguration, org.springframework.boot.autoconfigure.data.mongo.MongoReactiveRepositoriesAutoConfiguration, org.springframework.boot.autoconfigure.data.mongo.MongoRepositoriesAutoConfiguration, org.springframework.boot.autoconfigure.mongo.MongoAutoConfiguration, org.springframework.boot.autoconfigure.mongo.MongoReactiveAutoConfiguration]], org.springframework.boot.test.context.filter.ExcludeFilterContextCustomizer@585d7a33, org.springframework.boot.test.json.DuplicateJsonObjectContextCustomizerFactory$DuplicateJsonObjectContextCustomizer@2144b322, org.springframework.boot.test.mock.mockito.MockitoContextCustomizer@0], contextLoader = 'org.springframework.boot.test.context.SpringBootContextLoader', parent = [null]], attributes = map[[empty]]], class annotated with @DirtiesContext [false] with mode [null].
11:21:00.445 [Test worker] DEBUG org.springframework.test.annotation.ProfileValueUtils - Retrieved @ProfileValueSourceConfiguration [null] for test class [net.milanvit.learningspringboot.LiveImageRepositoryTests]
11:21:00.447 [Test worker] DEBUG org.springframework.test.annotation.ProfileValueUtils - Retrieved ProfileValueSource type [class org.springframework.test.annotation.SystemProfileValueSource] for class [net.milanvit.learningspringboot.LiveImageRepositoryTests]
11:21:00.456 [Test worker] DEBUG org.springframework.test.context.support.DependencyInjectionTestExecutionListener - Performing dependency injection for test context [[DefaultTestContext@1633d41c testClass = LiveImageRepositoryTests, testInstance = net.milanvit.learningspringboot.LiveImageRepositoryTests@1ec5bcee, testMethod = [null], testException = [null], mergedContextConfiguration = [MergedContextConfiguration@f44ba64 testClass = LiveImageRepositoryTests, locations = '{}', classes = '{class net.milanvit.learningspringboot.LearningSpringBootApplication}', contextInitializerClasses = '[]', activeProfiles = '{}', propertySourceLocations = '{}', propertySourceProperties = '{org.springframework.boot.test.autoconfigure.data.mongo.DataMongoTestContextBootstrapper=true}', contextCustomizers = set[org.springframework.boot.test.autoconfigure.OverrideAutoConfigurationContextCustomizerFactory$DisableAutoConfigurationContextCustomizer@641e16fe, org.springframework.boot.test.autoconfigure.filter.TypeExcludeFiltersContextCustomizer@351584c0, org.springframework.boot.test.autoconfigure.properties.PropertyMappingContextCustomizer@ab8f436c, org.springframework.boot.test.autoconfigure.web.servlet.WebDriverContextCustomizerFactory$Customizer@5da22e2f, [ImportsContextCustomizer@6fbb6874 key = [org.springframework.boot.autoconfigure.cache.CacheAutoConfiguration, org.springframework.boot.autoconfigure.data.mongo.MongoDataAutoConfiguration, org.springframework.boot.autoconfigure.data.mongo.MongoReactiveDataAutoConfiguration, org.springframework.boot.autoconfigure.data.mongo.MongoReactiveRepositoriesAutoConfiguration, org.springframework.boot.autoconfigure.data.mongo.MongoRepositoriesAutoConfiguration, org.springframework.boot.autoconfigure.mongo.MongoAutoConfiguration, org.springframework.boot.autoconfigure.mongo.MongoReactiveAutoConfiguration]], org.springframework.boot.test.context.filter.ExcludeFilterContextCustomizer@585d7a33, org.springframework.boot.test.json.DuplicateJsonObjectContextCustomizerFactory$DuplicateJsonObjectContextCustomizer@2144b322, org.springframework.boot.test.mock.mockito.MockitoContextCustomizer@0], contextLoader = 'org.springframework.boot.test.context.SpringBootContextLoader', parent = [null]], attributes = map[[empty]]]].
11:21:00.661 [Test worker] DEBUG org.springframework.test.context.support.TestPropertySourceUtils - Adding inlined properties to environment: {spring.jmx.enabled=false, org.springframework.boot.test.autoconfigure.data.mongo.DataMongoTestContextBootstrapper=true, server.port=-1}

  .   ____          _            __ _ _
 /\\ / ___'_ __ _ _(_)_ __  __ _ \ \ \ \
( ( )\___ | '_ | '_| | '_ \/ _` | \ \ \ \
 \\/  ___)| |_)| | | | | || (_| |  ) ) ) )
  '  |____| .__|_| |_|_| |_\__, | / / / /
 =========|_|==============|___/=/_/_/_/
 :: Spring Boot ::        (v2.1.0.RELEASE)

2018-11-04 11:21:01.911  INFO 14138 --- [    Test worker] n.m.l.LiveImageRepositoryTests           : Starting LiveImageRepositoryTests on Fenchurch.local with PID 14138 (started by milanvit in /Users/milanvit/Documents/Packt/Learning Spring Boot)
2018-11-04 11:21:01.928 DEBUG 14138 --- [    Test worker] n.m.l.LiveImageRepositoryTests           : Running with Spring Boot v2.1.0.RELEASE, Spring v5.1.2.RELEASE
2018-11-04 11:21:01.932  INFO 14138 --- [    Test worker] n.m.l.LiveImageRepositoryTests           : No active profile set, falling back to default profiles: default
2018-11-04 11:21:01.999  INFO 14138 --- [    Test worker] .e.DevToolsPropertyDefaultsPostProcessor : Devtools property defaults active! Set 'spring.devtools.add-properties' to 'false' to disable
2018-11-04 11:21:02.726  INFO 14138 --- [    Test worker] .s.d.r.c.RepositoryConfigurationDelegate : Bootstrapping Spring Data repositories in DEFAULT mode.
2018-11-04 11:21:02.766 DEBUG 14138 --- [    Test worker] .s.d.r.c.RepositoryConfigurationDelegate : Scanning for repositories in packages net.milanvit.learningspringboot.
2018-11-04 11:21:02.789 TRACE 14138 --- [    Test worker] o.s.d.r.c.RepositoryComponentProvider    : Scanning file [/Users/milanvit/Documents/Packt/Learning Spring Boot/build/classes/java/test/net/milanvit/learningspringboot/EmbedImageRepositoryTests.class]
2018-11-04 11:21:02.790 TRACE 14138 --- [    Test worker] o.s.d.r.c.RepositoryComponentProvider    : Ignored because not matching any filter: file [/Users/milanvit/Documents/Packt/Learning Spring Boot/build/classes/java/test/net/milanvit/learningspringboot/EmbedImageRepositoryTests.class]
2018-11-04 11:21:02.790 TRACE 14138 --- [    Test worker] o.s.d.r.c.RepositoryComponentProvider    : Scanning file [/Users/milanvit/Documents/Packt/Learning Spring Boot/build/classes/java/test/net/milanvit/learningspringboot/EndToEndTests.class]
2018-11-04 11:21:02.791 TRACE 14138 --- [    Test worker] o.s.d.r.c.RepositoryComponentProvider    : Ignored because not matching any filter: file [/Users/milanvit/Documents/Packt/Learning Spring Boot/build/classes/java/test/net/milanvit/learningspringboot/EndToEndTests.class]
2018-11-04 11:21:02.791 TRACE 14138 --- [    Test worker] o.s.d.r.c.RepositoryComponentProvider    : Scanning file [/Users/milanvit/Documents/Packt/Learning Spring Boot/build/classes/java/test/net/milanvit/learningspringboot/HomeControllerTests.class]
2018-11-04 11:21:02.792 TRACE 14138 --- [    Test worker] o.s.d.r.c.RepositoryComponentProvider    : Ignored because not matching any filter: file [/Users/milanvit/Documents/Packt/Learning Spring Boot/build/classes/java/test/net/milanvit/learningspringboot/HomeControllerTests.class]
2018-11-04 11:21:02.793 TRACE 14138 --- [    Test worker] o.s.d.r.c.RepositoryComponentProvider    : Scanning file [/Users/milanvit/Documents/Packt/Learning Spring Boot/build/classes/java/test/net/milanvit/learningspringboot/ImageServiceTests.class]
2018-11-04 11:21:02.793 TRACE 14138 --- [    Test worker] o.s.d.r.c.RepositoryComponentProvider    : Ignored because not matching any filter: file [/Users/milanvit/Documents/Packt/Learning Spring Boot/build/classes/java/test/net/milanvit/learningspringboot/ImageServiceTests.class]
2018-11-04 11:21:02.794 TRACE 14138 --- [    Test worker] o.s.d.r.c.RepositoryComponentProvider    : Scanning file [/Users/milanvit/Documents/Packt/Learning Spring Boot/build/classes/java/test/net/milanvit/learningspringboot/ImageTests.class]
2018-11-04 11:21:02.794 TRACE 14138 --- [    Test worker] o.s.d.r.c.RepositoryComponentProvider    : Ignored because not matching any filter: file [/Users/milanvit/Documents/Packt/Learning Spring Boot/build/classes/java/test/net/milanvit/learningspringboot/ImageTests.class]
2018-11-04 11:21:02.795 TRACE 14138 --- [    Test worker] o.s.d.r.c.RepositoryComponentProvider    : Scanning file [/Users/milanvit/Documents/Packt/Learning Spring Boot/build/classes/java/test/net/milanvit/learningspringboot/LiveImageRepositoryTests.class]
2018-11-04 11:21:02.795 TRACE 14138 --- [    Test worker] o.s.d.r.c.RepositoryComponentProvider    : Ignored because not matching any filter: file [/Users/milanvit/Documents/Packt/Learning Spring Boot/build/classes/java/test/net/milanvit/learningspringboot/LiveImageRepositoryTests.class]
2018-11-04 11:21:02.796 TRACE 14138 --- [    Test worker] o.s.d.r.c.RepositoryComponentProvider    : Scanning file [/Users/milanvit/Documents/Packt/Learning Spring Boot/build/classes/java/main/net/milanvit/learningspringboot/APIController.class]
2018-11-04 11:21:02.796 TRACE 14138 --- [    Test worker] o.s.d.r.c.RepositoryComponentProvider    : Ignored because not matching any filter: file [/Users/milanvit/Documents/Packt/Learning Spring Boot/build/classes/java/main/net/milanvit/learningspringboot/APIController.class]
2018-11-04 11:21:02.797 TRACE 14138 --- [    Test worker] o.s.d.r.c.RepositoryComponentProvider    : Scanning file [/Users/milanvit/Documents/Packt/Learning Spring Boot/build/classes/java/main/net/milanvit/learningspringboot/HomeController.class]
2018-11-04 11:21:02.797 TRACE 14138 --- [    Test worker] o.s.d.r.c.RepositoryComponentProvider    : Ignored because not matching any filter: file [/Users/milanvit/Documents/Packt/Learning Spring Boot/build/classes/java/main/net/milanvit/learningspringboot/HomeController.class]
2018-11-04 11:21:02.798 TRACE 14138 --- [    Test worker] o.s.d.r.c.RepositoryComponentProvider    : Scanning file [/Users/milanvit/Documents/Packt/Learning Spring Boot/build/classes/java/main/net/milanvit/learningspringboot/Image.class]
2018-11-04 11:21:02.799 TRACE 14138 --- [    Test worker] o.s.d.r.c.RepositoryComponentProvider    : Ignored because not matching any filter: file [/Users/milanvit/Documents/Packt/Learning Spring Boot/build/classes/java/main/net/milanvit/learningspringboot/Image.class]
2018-11-04 11:21:02.799 TRACE 14138 --- [    Test worker] o.s.d.r.c.RepositoryComponentProvider    : Scanning file [/Users/milanvit/Documents/Packt/Learning Spring Boot/build/classes/java/main/net/milanvit/learningspringboot/ImageRepository.class]
2018-11-04 11:21:02.803 DEBUG 14138 --- [    Test worker] o.s.d.r.c.RepositoryComponentProvider    : Identified candidate component class: file [/Users/milanvit/Documents/Packt/Learning Spring Boot/build/classes/java/main/net/milanvit/learningspringboot/ImageRepository.class]
2018-11-04 11:21:02.803 TRACE 14138 --- [    Test worker] o.s.d.r.c.RepositoryComponentProvider    : Scanning file [/Users/milanvit/Documents/Packt/Learning Spring Boot/build/classes/java/main/net/milanvit/learningspringboot/ImageService.class]
2018-11-04 11:21:02.803 TRACE 14138 --- [    Test worker] o.s.d.r.c.RepositoryComponentProvider    : Ignored because not matching any filter: file [/Users/milanvit/Documents/Packt/Learning Spring Boot/build/classes/java/main/net/milanvit/learningspringboot/ImageService.class]
2018-11-04 11:21:02.804 TRACE 14138 --- [    Test worker] o.s.d.r.c.RepositoryComponentProvider    : Scanning file [/Users/milanvit/Documents/Packt/Learning Spring Boot/build/classes/java/main/net/milanvit/learningspringboot/InitDatabase.class]
2018-11-04 11:21:02.804 TRACE 14138 --- [    Test worker] o.s.d.r.c.RepositoryComponentProvider    : Ignored because not matching any filter: file [/Users/milanvit/Documents/Packt/Learning Spring Boot/build/classes/java/main/net/milanvit/learningspringboot/InitDatabase.class]
2018-11-04 11:21:02.805 TRACE 14138 --- [    Test worker] o.s.d.r.c.RepositoryComponentProvider    : Scanning file [/Users/milanvit/Documents/Packt/Learning Spring Boot/build/classes/java/main/net/milanvit/learningspringboot/LearningSpringBootApplication.class]
2018-11-04 11:21:02.805 TRACE 14138 --- [    Test worker] o.s.d.r.c.RepositoryComponentProvider    : Ignored because not matching any filter: file [/Users/milanvit/Documents/Packt/Learning Spring Boot/build/classes/java/main/net/milanvit/learningspringboot/LearningSpringBootApplication.class]
2018-11-04 11:21:02.805 TRACE 14138 --- [    Test worker] o.s.d.r.c.RepositoryComponentProvider    : Scanning file [/Users/milanvit/Documents/Packt/Learning Spring Boot/build/classes/java/main/net/milanvit/learningspringboot/LearningSpringBootHealthIndicator.class]
2018-11-04 11:21:02.807 TRACE 14138 --- [    Test worker] o.s.d.r.c.RepositoryComponentProvider    : Ignored because not matching any filter: file [/Users/milanvit/Documents/Packt/Learning Spring Boot/build/classes/java/main/net/milanvit/learningspringboot/LearningSpringBootHealthIndicator.class]
2018-11-04 11:21:03.259 TRACE 14138 --- [    Test worker] .s.d.r.c.RepositoryConfigurationDelegate : Spring Data Reactive MongoDB - Registering repository: imageRepository - Interface: net.milanvit.learningspringboot.ImageRepository - Factory: org.springframework.data.mongodb.repository.support.ReactiveMongoRepositoryFactoryBean
2018-11-04 11:21:03.271  INFO 14138 --- [    Test worker] .s.d.r.c.RepositoryConfigurationDelegate : Finished Spring Data repository scanning in 502ms. Found 1 repository interfaces.
2018-11-04 11:21:03.310  INFO 14138 --- [    Test worker] .s.d.r.c.RepositoryConfigurationDelegate : Bootstrapping Spring Data repositories in DEFAULT mode.
2018-11-04 11:21:03.310 DEBUG 14138 --- [    Test worker] .s.d.r.c.RepositoryConfigurationDelegate : Scanning for repositories in packages net.milanvit.learningspringboot.
2018-11-04 11:21:03.316 TRACE 14138 --- [    Test worker] o.s.d.r.c.RepositoryComponentProvider    : Scanning file [/Users/milanvit/Documents/Packt/Learning Spring Boot/build/classes/java/test/net/milanvit/learningspringboot/EmbedImageRepositoryTests.class]
2018-11-04 11:21:03.316 TRACE 14138 --- [    Test worker] o.s.d.r.c.RepositoryComponentProvider    : Ignored because not matching any filter: file [/Users/milanvit/Documents/Packt/Learning Spring Boot/build/classes/java/test/net/milanvit/learningspringboot/EmbedImageRepositoryTests.class]
2018-11-04 11:21:03.317 TRACE 14138 --- [    Test worker] o.s.d.r.c.RepositoryComponentProvider    : Scanning file [/Users/milanvit/Documents/Packt/Learning Spring Boot/build/classes/java/test/net/milanvit/learningspringboot/EndToEndTests.class]
2018-11-04 11:21:03.319 TRACE 14138 --- [    Test worker] o.s.d.r.c.RepositoryComponentProvider    : Ignored because not matching any filter: file [/Users/milanvit/Documents/Packt/Learning Spring Boot/build/classes/java/test/net/milanvit/learningspringboot/EndToEndTests.class]
2018-11-04 11:21:03.319 TRACE 14138 --- [    Test worker] o.s.d.r.c.RepositoryComponentProvider    : Scanning file [/Users/milanvit/Documents/Packt/Learning Spring Boot/build/classes/java/test/net/milanvit/learningspringboot/HomeControllerTests.class]
2018-11-04 11:21:03.320 TRACE 14138 --- [    Test worker] o.s.d.r.c.RepositoryComponentProvider    : Ignored because not matching any filter: file [/Users/milanvit/Documents/Packt/Learning Spring Boot/build/classes/java/test/net/milanvit/learningspringboot/HomeControllerTests.class]
2018-11-04 11:21:03.320 TRACE 14138 --- [    Test worker] o.s.d.r.c.RepositoryComponentProvider    : Scanning file [/Users/milanvit/Documents/Packt/Learning Spring Boot/build/classes/java/test/net/milanvit/learningspringboot/ImageServiceTests.class]
2018-11-04 11:21:03.322 TRACE 14138 --- [    Test worker] o.s.d.r.c.RepositoryComponentProvider    : Ignored because not matching any filter: file [/Users/milanvit/Documents/Packt/Learning Spring Boot/build/classes/java/test/net/milanvit/learningspringboot/ImageServiceTests.class]
2018-11-04 11:21:03.322 TRACE 14138 --- [    Test worker] o.s.d.r.c.RepositoryComponentProvider    : Scanning file [/Users/milanvit/Documents/Packt/Learning Spring Boot/build/classes/java/test/net/milanvit/learningspringboot/ImageTests.class]
2018-11-04 11:21:03.323 TRACE 14138 --- [    Test worker] o.s.d.r.c.RepositoryComponentProvider    : Ignored because not matching any filter: file [/Users/milanvit/Documents/Packt/Learning Spring Boot/build/classes/java/test/net/milanvit/learningspringboot/ImageTests.class]
2018-11-04 11:21:03.323 TRACE 14138 --- [    Test worker] o.s.d.r.c.RepositoryComponentProvider    : Scanning file [/Users/milanvit/Documents/Packt/Learning Spring Boot/build/classes/java/test/net/milanvit/learningspringboot/LiveImageRepositoryTests.class]
2018-11-04 11:21:03.324 TRACE 14138 --- [    Test worker] o.s.d.r.c.RepositoryComponentProvider    : Ignored because not matching any filter: file [/Users/milanvit/Documents/Packt/Learning Spring Boot/build/classes/java/test/net/milanvit/learningspringboot/LiveImageRepositoryTests.class]
2018-11-04 11:21:03.325 TRACE 14138 --- [    Test worker] o.s.d.r.c.RepositoryComponentProvider    : Scanning file [/Users/milanvit/Documents/Packt/Learning Spring Boot/build/classes/java/main/net/milanvit/learningspringboot/APIController.class]
2018-11-04 11:21:03.326 TRACE 14138 --- [    Test worker] o.s.d.r.c.RepositoryComponentProvider    : Ignored because not matching any filter: file [/Users/milanvit/Documents/Packt/Learning Spring Boot/build/classes/java/main/net/milanvit/learningspringboot/APIController.class]
2018-11-04 11:21:03.326 TRACE 14138 --- [    Test worker] o.s.d.r.c.RepositoryComponentProvider    : Scanning file [/Users/milanvit/Documents/Packt/Learning Spring Boot/build/classes/java/main/net/milanvit/learningspringboot/HomeController.class]
2018-11-04 11:21:03.327 TRACE 14138 --- [    Test worker] o.s.d.r.c.RepositoryComponentProvider    : Ignored because not matching any filter: file [/Users/milanvit/Documents/Packt/Learning Spring Boot/build/classes/java/main/net/milanvit/learningspringboot/HomeController.class]
2018-11-04 11:21:03.328 TRACE 14138 --- [    Test worker] o.s.d.r.c.RepositoryComponentProvider    : Scanning file [/Users/milanvit/Documents/Packt/Learning Spring Boot/build/classes/java/main/net/milanvit/learningspringboot/Image.class]
2018-11-04 11:21:03.331 TRACE 14138 --- [    Test worker] o.s.d.r.c.RepositoryComponentProvider    : Ignored because not matching any filter: file [/Users/milanvit/Documents/Packt/Learning Spring Boot/build/classes/java/main/net/milanvit/learningspringboot/Image.class]
2018-11-04 11:21:03.332 TRACE 14138 --- [    Test worker] o.s.d.r.c.RepositoryComponentProvider    : Scanning file [/Users/milanvit/Documents/Packt/Learning Spring Boot/build/classes/java/main/net/milanvit/learningspringboot/ImageRepository.class]
2018-11-04 11:21:03.333 DEBUG 14138 --- [    Test worker] o.s.d.r.c.RepositoryComponentProvider    : Identified candidate component class: file [/Users/milanvit/Documents/Packt/Learning Spring Boot/build/classes/java/main/net/milanvit/learningspringboot/ImageRepository.class]
2018-11-04 11:21:03.334 TRACE 14138 --- [    Test worker] o.s.d.r.c.RepositoryComponentProvider    : Scanning file [/Users/milanvit/Documents/Packt/Learning Spring Boot/build/classes/java/main/net/milanvit/learningspringboot/ImageService.class]
2018-11-04 11:21:03.337 TRACE 14138 --- [    Test worker] o.s.d.r.c.RepositoryComponentProvider    : Ignored because not matching any filter: file [/Users/milanvit/Documents/Packt/Learning Spring Boot/build/classes/java/main/net/milanvit/learningspringboot/ImageService.class]
2018-11-04 11:21:03.337 TRACE 14138 --- [    Test worker] o.s.d.r.c.RepositoryComponentProvider    : Scanning file [/Users/milanvit/Documents/Packt/Learning Spring Boot/build/classes/java/main/net/milanvit/learningspringboot/InitDatabase.class]
2018-11-04 11:21:03.343 TRACE 14138 --- [    Test worker] o.s.d.r.c.RepositoryComponentProvider    : Ignored because not matching any filter: file [/Users/milanvit/Documents/Packt/Learning Spring Boot/build/classes/java/main/net/milanvit/learningspringboot/InitDatabase.class]
2018-11-04 11:21:03.343 TRACE 14138 --- [    Test worker] o.s.d.r.c.RepositoryComponentProvider    : Scanning file [/Users/milanvit/Documents/Packt/Learning Spring Boot/build/classes/java/main/net/milanvit/learningspringboot/LearningSpringBootApplication.class]
2018-11-04 11:21:03.352 TRACE 14138 --- [    Test worker] o.s.d.r.c.RepositoryComponentProvider    : Ignored because not matching any filter: file [/Users/milanvit/Documents/Packt/Learning Spring Boot/build/classes/java/main/net/milanvit/learningspringboot/LearningSpringBootApplication.class]
2018-11-04 11:21:03.356 TRACE 14138 --- [    Test worker] o.s.d.r.c.RepositoryComponentProvider    : Scanning file [/Users/milanvit/Documents/Packt/Learning Spring Boot/build/classes/java/main/net/milanvit/learningspringboot/LearningSpringBootHealthIndicator.class]
2018-11-04 11:21:03.363 TRACE 14138 --- [    Test worker] o.s.d.r.c.RepositoryComponentProvider    : Ignored because not matching any filter: file [/Users/milanvit/Documents/Packt/Learning Spring Boot/build/classes/java/main/net/milanvit/learningspringboot/LearningSpringBootHealthIndicator.class]
2018-11-04 11:21:03.366  INFO 14138 --- [    Test worker] .s.d.r.c.RepositoryConfigurationDelegate : Finished Spring Data repository scanning in 55ms. Found 0 repository interfaces.
2018-11-04 11:21:04.470  INFO 14138 --- [    Test worker] org.mongodb.driver.cluster               : Cluster created with settings {hosts=[localhost:27017], mode=SINGLE, requiredClusterType=UNKNOWN, serverSelectionTimeout='30000 ms', maxWaitQueueSize=500}
2018-11-04 11:21:04.598  INFO 14138 --- [localhost:27017] org.mongodb.driver.connection            : Opened connection [connectionId{localValue:1, serverValue:391}] to localhost:27017
2018-11-04 11:21:04.606  INFO 14138 --- [localhost:27017] org.mongodb.driver.cluster               : Monitor thread successfully connected to server with description ServerDescription{address=localhost:27017, type=STANDALONE, state=CONNECTED, ok=true, version=ServerVersion{versionList=[4, 0, 3]}, minWireVersion=0, maxWireVersion=7, maxDocumentSize=16777216, logicalSessionTimeoutMinutes=30, roundTripTimeNanos=5493958}
2018-11-04 11:21:05.197 DEBUG 14138 --- [    Test worker] .m.c.i.MongoPersistentEntityIndexCreator : Analyzing class class net.milanvit.learningspringboot.Image for index information.
2018-11-04 11:21:05.476 DEBUG 14138 --- [    Test worker] i.n.u.i.logging.InternalLoggerFactory    : Using SLF4J as the default logging framework
2018-11-04 11:21:05.480 DEBUG 14138 --- [    Test worker] i.n.u.internal.InternalThreadLocalMap    : -Dio.netty.threadLocalMap.stringBuilder.initialSize: 1024
2018-11-04 11:21:05.481 DEBUG 14138 --- [    Test worker] i.n.u.internal.InternalThreadLocalMap    : -Dio.netty.threadLocalMap.stringBuilder.maxSize: 4096
2018-11-04 11:21:05.515 DEBUG 14138 --- [    Test worker] i.netty.util.internal.PlatformDependent  : Platform: MacOS
2018-11-04 11:21:05.518 DEBUG 14138 --- [    Test worker] i.n.util.internal.PlatformDependent0     : -Dio.netty.noUnsafe: false
2018-11-04 11:21:05.519 DEBUG 14138 --- [    Test worker] i.n.util.internal.PlatformDependent0     : Java version: 10
2018-11-04 11:21:05.522 DEBUG 14138 --- [    Test worker] i.n.util.internal.PlatformDependent0     : sun.misc.Unsafe.theUnsafe: available
2018-11-04 11:21:05.524 DEBUG 14138 --- [    Test worker] i.n.util.internal.PlatformDependent0     : sun.misc.Unsafe.copyMemory: available
2018-11-04 11:21:05.525 DEBUG 14138 --- [    Test worker] i.n.util.internal.PlatformDependent0     : java.nio.Buffer.address: available
2018-11-04 11:21:05.546 DEBUG 14138 --- [    Test worker] i.n.util.internal.PlatformDependent0     : direct buffer constructor: unavailable

java.lang.UnsupportedOperationException: Reflective setAccessible(true) disabled
	at io.netty.util.internal.ReflectionUtil.trySetAccessible(ReflectionUtil.java:31) ~[netty-common-4.1.29.Final.jar:4.1.29.Final]
	at io.netty.util.internal.PlatformDependent0$4.run(PlatformDependent0.java:224) ~[netty-common-4.1.29.Final.jar:4.1.29.Final]
	at java.base/java.security.AccessController.doPrivileged(Native Method) ~[na:na]
	at io.netty.util.internal.PlatformDependent0.<clinit>(PlatformDependent0.java:218) ~[netty-common-4.1.29.Final.jar:4.1.29.Final]
	at io.netty.util.internal.PlatformDependent.isAndroid(PlatformDependent.java:208) [netty-common-4.1.29.Final.jar:4.1.29.Final]
	at io.netty.util.internal.PlatformDependent.<clinit>(PlatformDependent.java:79) [netty-common-4.1.29.Final.jar:4.1.29.Final]
	at io.netty.buffer.ByteBufUtil.<clinit>(ByteBufUtil.java:74) [netty-buffer-4.1.29.Final.jar:4.1.29.Final]
	at io.netty.buffer.ByteBufAllocator.<clinit>(ByteBufAllocator.java:24) [netty-buffer-4.1.29.Final.jar:4.1.29.Final]
	at com.mongodb.connection.netty.NettyStreamFactoryFactory$Builder.<init>(NettyStreamFactoryFactory.java:84) [mongodb-driver-core-3.8.2.jar:na]
	at com.mongodb.connection.netty.NettyStreamFactoryFactory$Builder.<init>(NettyStreamFactoryFactory.java:78) [mongodb-driver-core-3.8.2.jar:na]
	at com.mongodb.connection.netty.NettyStreamFactoryFactory.builder(NettyStreamFactoryFactory.java:70) [mongodb-driver-core-3.8.2.jar:na]
	at org.springframework.boot.autoconfigure.mongo.MongoReactiveAutoConfiguration$NettyDriverConfiguration.lambda$nettyDriverCustomizer$0(MongoReactiveAutoConfiguration.java:90) [spring-boot-autoconfigure-2.1.0.RELEASE.jar:2.1.0.RELEASE]
	at org.springframework.boot.autoconfigure.mongo.ReactiveMongoClientFactory.customize(ReactiveMongoClientFactory.java:139) ~[spring-boot-autoconfigure-2.1.0.RELEASE.jar:2.1.0.RELEASE]
	at org.springframework.boot.autoconfigure.mongo.ReactiveMongoClientFactory.createMongoClient(ReactiveMongoClientFactory.java:128) ~[spring-boot-autoconfigure-2.1.0.RELEASE.jar:2.1.0.RELEASE]
	at org.springframework.boot.autoconfigure.mongo.ReactiveMongoClientFactory.createNetworkMongoClient(ReactiveMongoClientFactory.java:97) ~[spring-boot-autoconfigure-2.1.0.RELEASE.jar:2.1.0.RELEASE]
	at org.springframework.boot.autoconfigure.mongo.ReactiveMongoClientFactory.createMongoClient(ReactiveMongoClientFactory.java:68) ~[spring-boot-autoconfigure-2.1.0.RELEASE.jar:2.1.0.RELEASE]
	at org.springframework.boot.autoconfigure.mongo.MongoReactiveAutoConfiguration.reactiveStreamsMongoClient(MongoReactiveAutoConfiguration.java:75) ~[spring-boot-autoconfigure-2.1.0.RELEASE.jar:2.1.0.RELEASE]
	at org.springframework.boot.autoconfigure.mongo.MongoReactiveAutoConfiguration$$EnhancerBySpringCGLIB$$1c131b44.CGLIB$reactiveStreamsMongoClient$1(<generated>) ~[spring-boot-autoconfigure-2.1.0.RELEASE.jar:2.1.0.RELEASE]
	at org.springframework.boot.autoconfigure.mongo.MongoReactiveAutoConfiguration$$EnhancerBySpringCGLIB$$1c131b44$$FastClassBySpringCGLIB$$3e0dede.invoke(<generated>) ~[spring-boot-autoconfigure-2.1.0.RELEASE.jar:2.1.0.RELEASE]
	at org.springframework.cglib.proxy.MethodProxy.invokeSuper(MethodProxy.java:244) ~[spring-core-5.1.2.RELEASE.jar:5.1.2.RELEASE]
	at org.springframework.context.annotation.ConfigurationClassEnhancer$BeanMethodInterceptor.intercept(ConfigurationClassEnhancer.java:363) ~[spring-context-5.1.2.RELEASE.jar:5.1.2.RELEASE]
	at org.springframework.boot.autoconfigure.mongo.MongoReactiveAutoConfiguration$$EnhancerBySpringCGLIB$$1c131b44.reactiveStreamsMongoClient(<generated>) ~[spring-boot-autoconfigure-2.1.0.RELEASE.jar:2.1.0.RELEASE]
	at java.base/jdk.internal.reflect.NativeMethodAccessorImpl.invoke0(Native Method) ~[na:na]
	at java.base/jdk.internal.reflect.NativeMethodAccessorImpl.invoke(NativeMethodAccessorImpl.java:62) ~[na:na]
	at java.base/jdk.internal.reflect.DelegatingMethodAccessorImpl.invoke(DelegatingMethodAccessorImpl.java:43) ~[na:na]
	at java.base/java.lang.reflect.Method.invoke(Method.java:564) ~[na:na]
	at org.springframework.beans.factory.support.SimpleInstantiationStrategy.instantiate(SimpleInstantiationStrategy.java:154) ~[spring-beans-5.1.2.RELEASE.jar:5.1.2.RELEASE]
	at org.springframework.beans.factory.support.ConstructorResolver.instantiate(ConstructorResolver.java:620) ~[spring-beans-5.1.2.RELEASE.jar:5.1.2.RELEASE]
	at org.springframework.beans.factory.support.ConstructorResolver.instantiateUsingFactoryMethod(ConstructorResolver.java:605) ~[spring-beans-5.1.2.RELEASE.jar:5.1.2.RELEASE]
	at org.springframework.beans.factory.support.AbstractAutowireCapableBeanFactory.instantiateUsingFactoryMethod(AbstractAutowireCapableBeanFactory.java:1288) ~[spring-beans-5.1.2.RELEASE.jar:5.1.2.RELEASE]
	at org.springframework.beans.factory.support.AbstractAutowireCapableBeanFactory.createBeanInstance(AbstractAutowireCapableBeanFactory.java:1127) ~[spring-beans-5.1.2.RELEASE.jar:5.1.2.RELEASE]
	at org.springframework.beans.factory.support.AbstractAutowireCapableBeanFactory.doCreateBean(AbstractAutowireCapableBeanFactory.java:538) ~[spring-beans-5.1.2.RELEASE.jar:5.1.2.RELEASE]
	at org.springframework.beans.factory.support.AbstractAutowireCapableBeanFactory.createBean(AbstractAutowireCapableBeanFactory.java:498) ~[spring-beans-5.1.2.RELEASE.jar:5.1.2.RELEASE]
	at org.springframework.beans.factory.support.AbstractBeanFactory.lambda$doGetBean$0(AbstractBeanFactory.java:320) ~[spring-beans-5.1.2.RELEASE.jar:5.1.2.RELEASE]
	at org.springframework.beans.factory.support.DefaultSingletonBeanRegistry.getSingleton(DefaultSingletonBeanRegistry.java:222) ~[spring-beans-5.1.2.RELEASE.jar:5.1.2.RELEASE]
	at org.springframework.beans.factory.support.AbstractBeanFactory.doGetBean(AbstractBeanFactory.java:318) ~[spring-beans-5.1.2.RELEASE.jar:5.1.2.RELEASE]
	at org.springframework.beans.factory.support.AbstractBeanFactory.getBean(AbstractBeanFactory.java:199) ~[spring-beans-5.1.2.RELEASE.jar:5.1.2.RELEASE]
	at org.springframework.beans.factory.support.DefaultListableBeanFactory.preInstantiateSingletons(DefaultListableBeanFactory.java:846) ~[spring-beans-5.1.2.RELEASE.jar:5.1.2.RELEASE]
	at org.springframework.context.support.AbstractApplicationContext.finishBeanFactoryInitialization(AbstractApplicationContext.java:863) ~[spring-context-5.1.2.RELEASE.jar:5.1.2.RELEASE]
	at org.springframework.context.support.AbstractApplicationContext.refresh(AbstractApplicationContext.java:546) ~[spring-context-5.1.2.RELEASE.jar:5.1.2.RELEASE]
	at org.springframework.boot.SpringApplication.refresh(SpringApplication.java:775) ~[spring-boot-2.1.0.RELEASE.jar:2.1.0.RELEASE]
	at org.springframework.boot.SpringApplication.refreshContext(SpringApplication.java:397) ~[spring-boot-2.1.0.RELEASE.jar:2.1.0.RELEASE]
	at org.springframework.boot.SpringApplication.run(SpringApplication.java:316) ~[spring-boot-2.1.0.RELEASE.jar:2.1.0.RELEASE]
	at org.springframework.boot.test.context.SpringBootContextLoader.loadContext(SpringBootContextLoader.java:127) ~[spring-boot-test-2.1.0.RELEASE.jar:2.1.0.RELEASE]
	at org.springframework.test.context.cache.DefaultCacheAwareContextLoaderDelegate.loadContextInternal(DefaultCacheAwareContextLoaderDelegate.java:99) ~[spring-test-5.1.2.RELEASE.jar:5.1.2.RELEASE]
	at org.springframework.test.context.cache.DefaultCacheAwareContextLoaderDelegate.loadContext(DefaultCacheAwareContextLoaderDelegate.java:117) ~[spring-test-5.1.2.RELEASE.jar:5.1.2.RELEASE]
	at org.springframework.test.context.support.DefaultTestContext.getApplicationContext(DefaultTestContext.java:108) ~[spring-test-5.1.2.RELEASE.jar:5.1.2.RELEASE]
	at org.springframework.test.context.support.DependencyInjectionTestExecutionListener.injectDependencies(DependencyInjectionTestExecutionListener.java:118) ~[spring-test-5.1.2.RELEASE.jar:5.1.2.RELEASE]
	at org.springframework.test.context.support.DependencyInjectionTestExecutionListener.prepareTestInstance(DependencyInjectionTestExecutionListener.java:83) ~[spring-test-5.1.2.RELEASE.jar:5.1.2.RELEASE]
	at org.springframework.boot.test.autoconfigure.SpringBootDependencyInjectionTestExecutionListener.prepareTestInstance(SpringBootDependencyInjectionTestExecutionListener.java:44) ~[spring-boot-test-autoconfigure-2.1.0.RELEASE.jar:2.1.0.RELEASE]
	at org.springframework.test.context.TestContextManager.prepareTestInstance(TestContextManager.java:246) ~[spring-test-5.1.2.RELEASE.jar:5.1.2.RELEASE]
	at org.springframework.test.context.junit4.SpringJUnit4ClassRunner.createTest(SpringJUnit4ClassRunner.java:227) ~[spring-test-5.1.2.RELEASE.jar:5.1.2.RELEASE]
	at org.springframework.test.context.junit4.SpringJUnit4ClassRunner$1.runReflectiveCall(SpringJUnit4ClassRunner.java:289) ~[spring-test-5.1.2.RELEASE.jar:5.1.2.RELEASE]
	at org.junit.internal.runners.model.ReflectiveCallable.run(ReflectiveCallable.java:12) ~[junit-4.12.jar:4.12]
	at org.springframework.test.context.junit4.SpringJUnit4ClassRunner.methodBlock(SpringJUnit4ClassRunner.java:291) ~[spring-test-5.1.2.RELEASE.jar:5.1.2.RELEASE]
	at org.springframework.test.context.junit4.SpringJUnit4ClassRunner.runChild(SpringJUnit4ClassRunner.java:246) ~[spring-test-5.1.2.RELEASE.jar:5.1.2.RELEASE]
	at org.springframework.test.context.junit4.SpringJUnit4ClassRunner.runChild(SpringJUnit4ClassRunner.java:97) ~[spring-test-5.1.2.RELEASE.jar:5.1.2.RELEASE]
	at org.junit.runners.ParentRunner$3.run(ParentRunner.java:290) ~[junit-4.12.jar:4.12]
	at org.junit.runners.ParentRunner$1.schedule(ParentRunner.java:71) ~[junit-4.12.jar:4.12]
	at org.junit.runners.ParentRunner.runChildren(ParentRunner.java:288) ~[junit-4.12.jar:4.12]
	at org.junit.runners.ParentRunner.access$000(ParentRunner.java:58) ~[junit-4.12.jar:4.12]
	at org.junit.runners.ParentRunner$2.evaluate(ParentRunner.java:268) ~[junit-4.12.jar:4.12]
	at org.springframework.test.context.junit4.statements.RunBeforeTestClassCallbacks.evaluate(RunBeforeTestClassCallbacks.java:61) ~[spring-test-5.1.2.RELEASE.jar:5.1.2.RELEASE]
	at org.springframework.test.context.junit4.statements.RunAfterTestClassCallbacks.evaluate(RunAfterTestClassCallbacks.java:70) ~[spring-test-5.1.2.RELEASE.jar:5.1.2.RELEASE]
	at org.junit.runners.ParentRunner.run(ParentRunner.java:363) ~[junit-4.12.jar:4.12]
	at org.springframework.test.context.junit4.SpringJUnit4ClassRunner.run(SpringJUnit4ClassRunner.java:190) ~[spring-test-5.1.2.RELEASE.jar:5.1.2.RELEASE]
	at org.gradle.api.internal.tasks.testing.junit.JUnitTestClassExecutor.runTestClass(JUnitTestClassExecutor.java:106) ~[na:na]
	at org.gradle.api.internal.tasks.testing.junit.JUnitTestClassExecutor.execute(JUnitTestClassExecutor.java:58) ~[na:na]
	at org.gradle.api.internal.tasks.testing.junit.JUnitTestClassExecutor.execute(JUnitTestClassExecutor.java:38) ~[na:na]
	at org.gradle.api.internal.tasks.testing.junit.AbstractJUnitTestClassProcessor.processTestClass(AbstractJUnitTestClassProcessor.java:66) ~[na:na]
	at org.gradle.api.internal.tasks.testing.SuiteTestClassProcessor.processTestClass(SuiteTestClassProcessor.java:51) ~[na:na]
	at java.base/jdk.internal.reflect.NativeMethodAccessorImpl.invoke0(Native Method) ~[na:na]
	at java.base/jdk.internal.reflect.NativeMethodAccessorImpl.invoke(NativeMethodAccessorImpl.java:62) ~[na:na]
	at java.base/jdk.internal.reflect.DelegatingMethodAccessorImpl.invoke(DelegatingMethodAccessorImpl.java:43) ~[na:na]
	at java.base/java.lang.reflect.Method.invoke(Method.java:564) ~[na:na]
	at org.gradle.internal.dispatch.ReflectionDispatch.dispatch(ReflectionDispatch.java:35) ~[na:na]
	at org.gradle.internal.dispatch.ReflectionDispatch.dispatch(ReflectionDispatch.java:24) ~[na:na]
	at org.gradle.internal.dispatch.ContextClassLoaderDispatch.dispatch(ContextClassLoaderDispatch.java:32) ~[na:na]
	at org.gradle.internal.dispatch.ProxyDispatchAdapter$DispatchingInvocationHandler.invoke(ProxyDispatchAdapter.java:93) ~[na:na]
	at com.sun.proxy.$Proxy1.processTestClass(Unknown Source) ~[na:na]
	at org.gradle.api.internal.tasks.testing.worker.TestWorker.processTestClass(TestWorker.java:109) ~[na:na]
	at java.base/jdk.internal.reflect.NativeMethodAccessorImpl.invoke0(Native Method) ~[na:na]
	at java.base/jdk.internal.reflect.NativeMethodAccessorImpl.invoke(NativeMethodAccessorImpl.java:62) ~[na:na]
	at java.base/jdk.internal.reflect.DelegatingMethodAccessorImpl.invoke(DelegatingMethodAccessorImpl.java:43) ~[na:na]
	at java.base/java.lang.reflect.Method.invoke(Method.java:564) ~[na:na]
	at org.gradle.internal.dispatch.ReflectionDispatch.dispatch(ReflectionDispatch.java:35) ~[na:na]
	at org.gradle.internal.dispatch.ReflectionDispatch.dispatch(ReflectionDispatch.java:24) ~[na:na]
	at org.gradle.internal.remote.internal.hub.MessageHubBackedObjectConnection$DispatchWrapper.dispatch(MessageHubBackedObjectConnection.java:155) ~[na:na]
	at org.gradle.internal.remote.internal.hub.MessageHubBackedObjectConnection$DispatchWrapper.dispatch(MessageHubBackedObjectConnection.java:137) ~[na:na]
	at org.gradle.internal.remote.internal.hub.MessageHub$Handler.run(MessageHub.java:404) ~[na:na]
	at org.gradle.internal.concurrent.ExecutorPolicy$CatchAndRecordFailures.onExecute(ExecutorPolicy.java:63) ~[na:na]
	at org.gradle.internal.concurrent.ManagedExecutorImpl$1.run(ManagedExecutorImpl.java:46) ~[na:na]
	at java.base/java.util.concurrent.ThreadPoolExecutor.runWorker(ThreadPoolExecutor.java:1135) ~[na:na]
	at java.base/java.util.concurrent.ThreadPoolExecutor$Worker.run(ThreadPoolExecutor.java:635) ~[na:na]
	at org.gradle.internal.concurrent.ThreadFactoryImpl$ManagedThreadRunnable.run(ThreadFactoryImpl.java:55) ~[na:na]
	at java.base/java.lang.Thread.run(Thread.java:844) ~[na:na]

2018-11-04 11:21:05.571 DEBUG 14138 --- [    Test worker] i.n.util.internal.PlatformDependent0     : java.nio.Bits.unaligned: unavailable true

java.lang.UnsupportedOperationException: Reflective setAccessible(true) disabled
	at io.netty.util.internal.ReflectionUtil.trySetAccessible(ReflectionUtil.java:31) ~[netty-common-4.1.29.Final.jar:4.1.29.Final]
	at io.netty.util.internal.PlatformDependent0$5.run(PlatformDependent0.java:273) ~[netty-common-4.1.29.Final.jar:4.1.29.Final]
	at java.base/java.security.AccessController.doPrivileged(Native Method) ~[na:na]
	at io.netty.util.internal.PlatformDependent0.<clinit>(PlatformDependent0.java:266) ~[netty-common-4.1.29.Final.jar:4.1.29.Final]
	at io.netty.util.internal.PlatformDependent.isAndroid(PlatformDependent.java:208) [netty-common-4.1.29.Final.jar:4.1.29.Final]
	at io.netty.util.internal.PlatformDependent.<clinit>(PlatformDependent.java:79) [netty-common-4.1.29.Final.jar:4.1.29.Final]
	at io.netty.buffer.ByteBufUtil.<clinit>(ByteBufUtil.java:74) [netty-buffer-4.1.29.Final.jar:4.1.29.Final]
	at io.netty.buffer.ByteBufAllocator.<clinit>(ByteBufAllocator.java:24) [netty-buffer-4.1.29.Final.jar:4.1.29.Final]
	at com.mongodb.connection.netty.NettyStreamFactoryFactory$Builder.<init>(NettyStreamFactoryFactory.java:84) [mongodb-driver-core-3.8.2.jar:na]
	at com.mongodb.connection.netty.NettyStreamFactoryFactory$Builder.<init>(NettyStreamFactoryFactory.java:78) [mongodb-driver-core-3.8.2.jar:na]
	at com.mongodb.connection.netty.NettyStreamFactoryFactory.builder(NettyStreamFactoryFactory.java:70) [mongodb-driver-core-3.8.2.jar:na]
	at org.springframework.boot.autoconfigure.mongo.MongoReactiveAutoConfiguration$NettyDriverConfiguration.lambda$nettyDriverCustomizer$0(MongoReactiveAutoConfiguration.java:90) [spring-boot-autoconfigure-2.1.0.RELEASE.jar:2.1.0.RELEASE]
	at org.springframework.boot.autoconfigure.mongo.ReactiveMongoClientFactory.customize(ReactiveMongoClientFactory.java:139) ~[spring-boot-autoconfigure-2.1.0.RELEASE.jar:2.1.0.RELEASE]
	at org.springframework.boot.autoconfigure.mongo.ReactiveMongoClientFactory.createMongoClient(ReactiveMongoClientFactory.java:128) ~[spring-boot-autoconfigure-2.1.0.RELEASE.jar:2.1.0.RELEASE]
	at org.springframework.boot.autoconfigure.mongo.ReactiveMongoClientFactory.createNetworkMongoClient(ReactiveMongoClientFactory.java:97) ~[spring-boot-autoconfigure-2.1.0.RELEASE.jar:2.1.0.RELEASE]
	at org.springframework.boot.autoconfigure.mongo.ReactiveMongoClientFactory.createMongoClient(ReactiveMongoClientFactory.java:68) ~[spring-boot-autoconfigure-2.1.0.RELEASE.jar:2.1.0.RELEASE]
	at org.springframework.boot.autoconfigure.mongo.MongoReactiveAutoConfiguration.reactiveStreamsMongoClient(MongoReactiveAutoConfiguration.java:75) ~[spring-boot-autoconfigure-2.1.0.RELEASE.jar:2.1.0.RELEASE]
	at org.springframework.boot.autoconfigure.mongo.MongoReactiveAutoConfiguration$$EnhancerBySpringCGLIB$$1c131b44.CGLIB$reactiveStreamsMongoClient$1(<generated>) ~[spring-boot-autoconfigure-2.1.0.RELEASE.jar:2.1.0.RELEASE]
	at org.springframework.boot.autoconfigure.mongo.MongoReactiveAutoConfiguration$$EnhancerBySpringCGLIB$$1c131b44$$FastClassBySpringCGLIB$$3e0dede.invoke(<generated>) ~[spring-boot-autoconfigure-2.1.0.RELEASE.jar:2.1.0.RELEASE]
	at org.springframework.cglib.proxy.MethodProxy.invokeSuper(MethodProxy.java:244) ~[spring-core-5.1.2.RELEASE.jar:5.1.2.RELEASE]
	at org.springframework.context.annotation.ConfigurationClassEnhancer$BeanMethodInterceptor.intercept(ConfigurationClassEnhancer.java:363) ~[spring-context-5.1.2.RELEASE.jar:5.1.2.RELEASE]
	at org.springframework.boot.autoconfigure.mongo.MongoReactiveAutoConfiguration$$EnhancerBySpringCGLIB$$1c131b44.reactiveStreamsMongoClient(<generated>) ~[spring-boot-autoconfigure-2.1.0.RELEASE.jar:2.1.0.RELEASE]
	at java.base/jdk.internal.reflect.NativeMethodAccessorImpl.invoke0(Native Method) ~[na:na]
	at java.base/jdk.internal.reflect.NativeMethodAccessorImpl.invoke(NativeMethodAccessorImpl.java:62) ~[na:na]
	at java.base/jdk.internal.reflect.DelegatingMethodAccessorImpl.invoke(DelegatingMethodAccessorImpl.java:43) ~[na:na]
	at java.base/java.lang.reflect.Method.invoke(Method.java:564) ~[na:na]
	at org.springframework.beans.factory.support.SimpleInstantiationStrategy.instantiate(SimpleInstantiationStrategy.java:154) ~[spring-beans-5.1.2.RELEASE.jar:5.1.2.RELEASE]
	at org.springframework.beans.factory.support.ConstructorResolver.instantiate(ConstructorResolver.java:620) ~[spring-beans-5.1.2.RELEASE.jar:5.1.2.RELEASE]
	at org.springframework.beans.factory.support.ConstructorResolver.instantiateUsingFactoryMethod(ConstructorResolver.java:605) ~[spring-beans-5.1.2.RELEASE.jar:5.1.2.RELEASE]
	at org.springframework.beans.factory.support.AbstractAutowireCapableBeanFactory.instantiateUsingFactoryMethod(AbstractAutowireCapableBeanFactory.java:1288) ~[spring-beans-5.1.2.RELEASE.jar:5.1.2.RELEASE]
	at org.springframework.beans.factory.support.AbstractAutowireCapableBeanFactory.createBeanInstance(AbstractAutowireCapableBeanFactory.java:1127) ~[spring-beans-5.1.2.RELEASE.jar:5.1.2.RELEASE]
	at org.springframework.beans.factory.support.AbstractAutowireCapableBeanFactory.doCreateBean(AbstractAutowireCapableBeanFactory.java:538) ~[spring-beans-5.1.2.RELEASE.jar:5.1.2.RELEASE]
	at org.springframework.beans.factory.support.AbstractAutowireCapableBeanFactory.createBean(AbstractAutowireCapableBeanFactory.java:498) ~[spring-beans-5.1.2.RELEASE.jar:5.1.2.RELEASE]
	at org.springframework.beans.factory.support.AbstractBeanFactory.lambda$doGetBean$0(AbstractBeanFactory.java:320) ~[spring-beans-5.1.2.RELEASE.jar:5.1.2.RELEASE]
	at org.springframework.beans.factory.support.DefaultSingletonBeanRegistry.getSingleton(DefaultSingletonBeanRegistry.java:222) ~[spring-beans-5.1.2.RELEASE.jar:5.1.2.RELEASE]
	at org.springframework.beans.factory.support.AbstractBeanFactory.doGetBean(AbstractBeanFactory.java:318) ~[spring-beans-5.1.2.RELEASE.jar:5.1.2.RELEASE]
	at org.springframework.beans.factory.support.AbstractBeanFactory.getBean(AbstractBeanFactory.java:199) ~[spring-beans-5.1.2.RELEASE.jar:5.1.2.RELEASE]
	at org.springframework.beans.factory.support.DefaultListableBeanFactory.preInstantiateSingletons(DefaultListableBeanFactory.java:846) ~[spring-beans-5.1.2.RELEASE.jar:5.1.2.RELEASE]
	at org.springframework.context.support.AbstractApplicationContext.finishBeanFactoryInitialization(AbstractApplicationContext.java:863) ~[spring-context-5.1.2.RELEASE.jar:5.1.2.RELEASE]
	at org.springframework.context.support.AbstractApplicationContext.refresh(AbstractApplicationContext.java:546) ~[spring-context-5.1.2.RELEASE.jar:5.1.2.RELEASE]
	at org.springframework.boot.SpringApplication.refresh(SpringApplication.java:775) ~[spring-boot-2.1.0.RELEASE.jar:2.1.0.RELEASE]
	at org.springframework.boot.SpringApplication.refreshContext(SpringApplication.java:397) ~[spring-boot-2.1.0.RELEASE.jar:2.1.0.RELEASE]
	at org.springframework.boot.SpringApplication.run(SpringApplication.java:316) ~[spring-boot-2.1.0.RELEASE.jar:2.1.0.RELEASE]
	at org.springframework.boot.test.context.SpringBootContextLoader.loadContext(SpringBootContextLoader.java:127) ~[spring-boot-test-2.1.0.RELEASE.jar:2.1.0.RELEASE]
	at org.springframework.test.context.cache.DefaultCacheAwareContextLoaderDelegate.loadContextInternal(DefaultCacheAwareContextLoaderDelegate.java:99) ~[spring-test-5.1.2.RELEASE.jar:5.1.2.RELEASE]
	at org.springframework.test.context.cache.DefaultCacheAwareContextLoaderDelegate.loadContext(DefaultCacheAwareContextLoaderDelegate.java:117) ~[spring-test-5.1.2.RELEASE.jar:5.1.2.RELEASE]
	at org.springframework.test.context.support.DefaultTestContext.getApplicationContext(DefaultTestContext.java:108) ~[spring-test-5.1.2.RELEASE.jar:5.1.2.RELEASE]
	at org.springframework.test.context.support.DependencyInjectionTestExecutionListener.injectDependencies(DependencyInjectionTestExecutionListener.java:118) ~[spring-test-5.1.2.RELEASE.jar:5.1.2.RELEASE]
	at org.springframework.test.context.support.DependencyInjectionTestExecutionListener.prepareTestInstance(DependencyInjectionTestExecutionListener.java:83) ~[spring-test-5.1.2.RELEASE.jar:5.1.2.RELEASE]
	at org.springframework.boot.test.autoconfigure.SpringBootDependencyInjectionTestExecutionListener.prepareTestInstance(SpringBootDependencyInjectionTestExecutionListener.java:44) ~[spring-boot-test-autoconfigure-2.1.0.RELEASE.jar:2.1.0.RELEASE]
	at org.springframework.test.context.TestContextManager.prepareTestInstance(TestContextManager.java:246) ~[spring-test-5.1.2.RELEASE.jar:5.1.2.RELEASE]
	at org.springframework.test.context.junit4.SpringJUnit4ClassRunner.createTest(SpringJUnit4ClassRunner.java:227) ~[spring-test-5.1.2.RELEASE.jar:5.1.2.RELEASE]
	at org.springframework.test.context.junit4.SpringJUnit4ClassRunner$1.runReflectiveCall(SpringJUnit4ClassRunner.java:289) ~[spring-test-5.1.2.RELEASE.jar:5.1.2.RELEASE]
	at org.junit.internal.runners.model.ReflectiveCallable.run(ReflectiveCallable.java:12) ~[junit-4.12.jar:4.12]
	at org.springframework.test.context.junit4.SpringJUnit4ClassRunner.methodBlock(SpringJUnit4ClassRunner.java:291) ~[spring-test-5.1.2.RELEASE.jar:5.1.2.RELEASE]
	at org.springframework.test.context.junit4.SpringJUnit4ClassRunner.runChild(SpringJUnit4ClassRunner.java:246) ~[spring-test-5.1.2.RELEASE.jar:5.1.2.RELEASE]
	at org.springframework.test.context.junit4.SpringJUnit4ClassRunner.runChild(SpringJUnit4ClassRunner.java:97) ~[spring-test-5.1.2.RELEASE.jar:5.1.2.RELEASE]
	at org.junit.runners.ParentRunner$3.run(ParentRunner.java:290) ~[junit-4.12.jar:4.12]
	at org.junit.runners.ParentRunner$1.schedule(ParentRunner.java:71) ~[junit-4.12.jar:4.12]
	at org.junit.runners.ParentRunner.runChildren(ParentRunner.java:288) ~[junit-4.12.jar:4.12]
	at org.junit.runners.ParentRunner.access$000(ParentRunner.java:58) ~[junit-4.12.jar:4.12]
	at org.junit.runners.ParentRunner$2.evaluate(ParentRunner.java:268) ~[junit-4.12.jar:4.12]
	at org.springframework.test.context.junit4.statements.RunBeforeTestClassCallbacks.evaluate(RunBeforeTestClassCallbacks.java:61) ~[spring-test-5.1.2.RELEASE.jar:5.1.2.RELEASE]
	at org.springframework.test.context.junit4.statements.RunAfterTestClassCallbacks.evaluate(RunAfterTestClassCallbacks.java:70) ~[spring-test-5.1.2.RELEASE.jar:5.1.2.RELEASE]
	at org.junit.runners.ParentRunner.run(ParentRunner.java:363) ~[junit-4.12.jar:4.12]
	at org.springframework.test.context.junit4.SpringJUnit4ClassRunner.run(SpringJUnit4ClassRunner.java:190) ~[spring-test-5.1.2.RELEASE.jar:5.1.2.RELEASE]
	at org.gradle.api.internal.tasks.testing.junit.JUnitTestClassExecutor.runTestClass(JUnitTestClassExecutor.java:106) ~[na:na]
	at org.gradle.api.internal.tasks.testing.junit.JUnitTestClassExecutor.execute(JUnitTestClassExecutor.java:58) ~[na:na]
	at org.gradle.api.internal.tasks.testing.junit.JUnitTestClassExecutor.execute(JUnitTestClassExecutor.java:38) ~[na:na]
	at org.gradle.api.internal.tasks.testing.junit.AbstractJUnitTestClassProcessor.processTestClass(AbstractJUnitTestClassProcessor.java:66) ~[na:na]
	at org.gradle.api.internal.tasks.testing.SuiteTestClassProcessor.processTestClass(SuiteTestClassProcessor.java:51) ~[na:na]
	at java.base/jdk.internal.reflect.NativeMethodAccessorImpl.invoke0(Native Method) ~[na:na]
	at java.base/jdk.internal.reflect.NativeMethodAccessorImpl.invoke(NativeMethodAccessorImpl.java:62) ~[na:na]
	at java.base/jdk.internal.reflect.DelegatingMethodAccessorImpl.invoke(DelegatingMethodAccessorImpl.java:43) ~[na:na]
	at java.base/java.lang.reflect.Method.invoke(Method.java:564) ~[na:na]
	at org.gradle.internal.dispatch.ReflectionDispatch.dispatch(ReflectionDispatch.java:35) ~[na:na]
	at org.gradle.internal.dispatch.ReflectionDispatch.dispatch(ReflectionDispatch.java:24) ~[na:na]
	at org.gradle.internal.dispatch.ContextClassLoaderDispatch.dispatch(ContextClassLoaderDispatch.java:32) ~[na:na]
	at org.gradle.internal.dispatch.ProxyDispatchAdapter$DispatchingInvocationHandler.invoke(ProxyDispatchAdapter.java:93) ~[na:na]
	at com.sun.proxy.$Proxy1.processTestClass(Unknown Source) ~[na:na]
	at org.gradle.api.internal.tasks.testing.worker.TestWorker.processTestClass(TestWorker.java:109) ~[na:na]
	at java.base/jdk.internal.reflect.NativeMethodAccessorImpl.invoke0(Native Method) ~[na:na]
	at java.base/jdk.internal.reflect.NativeMethodAccessorImpl.invoke(NativeMethodAccessorImpl.java:62) ~[na:na]
	at java.base/jdk.internal.reflect.DelegatingMethodAccessorImpl.invoke(DelegatingMethodAccessorImpl.java:43) ~[na:na]
	at java.base/java.lang.reflect.Method.invoke(Method.java:564) ~[na:na]
	at org.gradle.internal.dispatch.ReflectionDispatch.dispatch(ReflectionDispatch.java:35) ~[na:na]
	at org.gradle.internal.dispatch.ReflectionDispatch.dispatch(ReflectionDispatch.java:24) ~[na:na]
	at org.gradle.internal.remote.internal.hub.MessageHubBackedObjectConnection$DispatchWrapper.dispatch(MessageHubBackedObjectConnection.java:155) ~[na:na]
	at org.gradle.internal.remote.internal.hub.MessageHubBackedObjectConnection$DispatchWrapper.dispatch(MessageHubBackedObjectConnection.java:137) ~[na:na]
	at org.gradle.internal.remote.internal.hub.MessageHub$Handler.run(MessageHub.java:404) ~[na:na]
	at org.gradle.internal.concurrent.ExecutorPolicy$CatchAndRecordFailures.onExecute(ExecutorPolicy.java:63) ~[na:na]
	at org.gradle.internal.concurrent.ManagedExecutorImpl$1.run(ManagedExecutorImpl.java:46) ~[na:na]
	at java.base/java.util.concurrent.ThreadPoolExecutor.runWorker(ThreadPoolExecutor.java:1135) ~[na:na]
	at java.base/java.util.concurrent.ThreadPoolExecutor$Worker.run(ThreadPoolExecutor.java:635) ~[na:na]
	at org.gradle.internal.concurrent.ThreadFactoryImpl$ManagedThreadRunnable.run(ThreadFactoryImpl.java:55) ~[na:na]
	at java.base/java.lang.Thread.run(Thread.java:844) ~[na:na]

2018-11-04 11:21:05.604 DEBUG 14138 --- [    Test worker] i.n.util.internal.PlatformDependent0     : jdk.internal.misc.Unsafe.allocateUninitializedArray(int): unavailable

java.lang.IllegalAccessException: class io.netty.util.internal.PlatformDependent0$6 cannot access class jdk.internal.misc.Unsafe (in module java.base) because module java.base does not export jdk.internal.misc to unnamed module @4e4ed83
	at java.base/jdk.internal.reflect.Reflection.newIllegalAccessException(Reflection.java:360) ~[na:na]
	at java.base/java.lang.reflect.AccessibleObject.checkAccess(AccessibleObject.java:589) ~[na:na]
	at java.base/java.lang.reflect.Method.invoke(Method.java:556) ~[na:na]
	at io.netty.util.internal.PlatformDependent0$6.run(PlatformDependent0.java:315) ~[netty-common-4.1.29.Final.jar:4.1.29.Final]
	at java.base/java.security.AccessController.doPrivileged(Native Method) ~[na:na]
	at io.netty.util.internal.PlatformDependent0.<clinit>(PlatformDependent0.java:306) ~[netty-common-4.1.29.Final.jar:4.1.29.Final]
	at io.netty.util.internal.PlatformDependent.isAndroid(PlatformDependent.java:208) [netty-common-4.1.29.Final.jar:4.1.29.Final]
	at io.netty.util.internal.PlatformDependent.<clinit>(PlatformDependent.java:79) [netty-common-4.1.29.Final.jar:4.1.29.Final]
	at io.netty.buffer.ByteBufUtil.<clinit>(ByteBufUtil.java:74) [netty-buffer-4.1.29.Final.jar:4.1.29.Final]
	at io.netty.buffer.ByteBufAllocator.<clinit>(ByteBufAllocator.java:24) [netty-buffer-4.1.29.Final.jar:4.1.29.Final]
	at com.mongodb.connection.netty.NettyStreamFactoryFactory$Builder.<init>(NettyStreamFactoryFactory.java:84) [mongodb-driver-core-3.8.2.jar:na]
	at com.mongodb.connection.netty.NettyStreamFactoryFactory$Builder.<init>(NettyStreamFactoryFactory.java:78) [mongodb-driver-core-3.8.2.jar:na]
	at com.mongodb.connection.netty.NettyStreamFactoryFactory.builder(NettyStreamFactoryFactory.java:70) [mongodb-driver-core-3.8.2.jar:na]
	at org.springframework.boot.autoconfigure.mongo.MongoReactiveAutoConfiguration$NettyDriverConfiguration.lambda$nettyDriverCustomizer$0(MongoReactiveAutoConfiguration.java:90) [spring-boot-autoconfigure-2.1.0.RELEASE.jar:2.1.0.RELEASE]
	at org.springframework.boot.autoconfigure.mongo.ReactiveMongoClientFactory.customize(ReactiveMongoClientFactory.java:139) ~[spring-boot-autoconfigure-2.1.0.RELEASE.jar:2.1.0.RELEASE]
	at org.springframework.boot.autoconfigure.mongo.ReactiveMongoClientFactory.createMongoClient(ReactiveMongoClientFactory.java:128) ~[spring-boot-autoconfigure-2.1.0.RELEASE.jar:2.1.0.RELEASE]
	at org.springframework.boot.autoconfigure.mongo.ReactiveMongoClientFactory.createNetworkMongoClient(ReactiveMongoClientFactory.java:97) ~[spring-boot-autoconfigure-2.1.0.RELEASE.jar:2.1.0.RELEASE]
	at org.springframework.boot.autoconfigure.mongo.ReactiveMongoClientFactory.createMongoClient(ReactiveMongoClientFactory.java:68) ~[spring-boot-autoconfigure-2.1.0.RELEASE.jar:2.1.0.RELEASE]
	at org.springframework.boot.autoconfigure.mongo.MongoReactiveAutoConfiguration.reactiveStreamsMongoClient(MongoReactiveAutoConfiguration.java:75) ~[spring-boot-autoconfigure-2.1.0.RELEASE.jar:2.1.0.RELEASE]
	at org.springframework.boot.autoconfigure.mongo.MongoReactiveAutoConfiguration$$EnhancerBySpringCGLIB$$1c131b44.CGLIB$reactiveStreamsMongoClient$1(<generated>) ~[spring-boot-autoconfigure-2.1.0.RELEASE.jar:2.1.0.RELEASE]
	at org.springframework.boot.autoconfigure.mongo.MongoReactiveAutoConfiguration$$EnhancerBySpringCGLIB$$1c131b44$$FastClassBySpringCGLIB$$3e0dede.invoke(<generated>) ~[spring-boot-autoconfigure-2.1.0.RELEASE.jar:2.1.0.RELEASE]
	at org.springframework.cglib.proxy.MethodProxy.invokeSuper(MethodProxy.java:244) ~[spring-core-5.1.2.RELEASE.jar:5.1.2.RELEASE]
	at org.springframework.context.annotation.ConfigurationClassEnhancer$BeanMethodInterceptor.intercept(ConfigurationClassEnhancer.java:363) ~[spring-context-5.1.2.RELEASE.jar:5.1.2.RELEASE]
	at org.springframework.boot.autoconfigure.mongo.MongoReactiveAutoConfiguration$$EnhancerBySpringCGLIB$$1c131b44.reactiveStreamsMongoClient(<generated>) ~[spring-boot-autoconfigure-2.1.0.RELEASE.jar:2.1.0.RELEASE]
	at java.base/jdk.internal.reflect.NativeMethodAccessorImpl.invoke0(Native Method) ~[na:na]
	at java.base/jdk.internal.reflect.NativeMethodAccessorImpl.invoke(NativeMethodAccessorImpl.java:62) ~[na:na]
	at java.base/jdk.internal.reflect.DelegatingMethodAccessorImpl.invoke(DelegatingMethodAccessorImpl.java:43) ~[na:na]
	at java.base/java.lang.reflect.Method.invoke(Method.java:564) ~[na:na]
	at org.springframework.beans.factory.support.SimpleInstantiationStrategy.instantiate(SimpleInstantiationStrategy.java:154) ~[spring-beans-5.1.2.RELEASE.jar:5.1.2.RELEASE]
	at org.springframework.beans.factory.support.ConstructorResolver.instantiate(ConstructorResolver.java:620) ~[spring-beans-5.1.2.RELEASE.jar:5.1.2.RELEASE]
	at org.springframework.beans.factory.support.ConstructorResolver.instantiateUsingFactoryMethod(ConstructorResolver.java:605) ~[spring-beans-5.1.2.RELEASE.jar:5.1.2.RELEASE]
	at org.springframework.beans.factory.support.AbstractAutowireCapableBeanFactory.instantiateUsingFactoryMethod(AbstractAutowireCapableBeanFactory.java:1288) ~[spring-beans-5.1.2.RELEASE.jar:5.1.2.RELEASE]
	at org.springframework.beans.factory.support.AbstractAutowireCapableBeanFactory.createBeanInstance(AbstractAutowireCapableBeanFactory.java:1127) ~[spring-beans-5.1.2.RELEASE.jar:5.1.2.RELEASE]
	at org.springframework.beans.factory.support.AbstractAutowireCapableBeanFactory.doCreateBean(AbstractAutowireCapableBeanFactory.java:538) ~[spring-beans-5.1.2.RELEASE.jar:5.1.2.RELEASE]
	at org.springframework.beans.factory.support.AbstractAutowireCapableBeanFactory.createBean(AbstractAutowireCapableBeanFactory.java:498) ~[spring-beans-5.1.2.RELEASE.jar:5.1.2.RELEASE]
	at org.springframework.beans.factory.support.AbstractBeanFactory.lambda$doGetBean$0(AbstractBeanFactory.java:320) ~[spring-beans-5.1.2.RELEASE.jar:5.1.2.RELEASE]
	at org.springframework.beans.factory.support.DefaultSingletonBeanRegistry.getSingleton(DefaultSingletonBeanRegistry.java:222) ~[spring-beans-5.1.2.RELEASE.jar:5.1.2.RELEASE]
	at org.springframework.beans.factory.support.AbstractBeanFactory.doGetBean(AbstractBeanFactory.java:318) ~[spring-beans-5.1.2.RELEASE.jar:5.1.2.RELEASE]
	at org.springframework.beans.factory.support.AbstractBeanFactory.getBean(AbstractBeanFactory.java:199) ~[spring-beans-5.1.2.RELEASE.jar:5.1.2.RELEASE]
	at org.springframework.beans.factory.support.DefaultListableBeanFactory.preInstantiateSingletons(DefaultListableBeanFactory.java:846) ~[spring-beans-5.1.2.RELEASE.jar:5.1.2.RELEASE]
	at org.springframework.context.support.AbstractApplicationContext.finishBeanFactoryInitialization(AbstractApplicationContext.java:863) ~[spring-context-5.1.2.RELEASE.jar:5.1.2.RELEASE]
	at org.springframework.context.support.AbstractApplicationContext.refresh(AbstractApplicationContext.java:546) ~[spring-context-5.1.2.RELEASE.jar:5.1.2.RELEASE]
	at org.springframework.boot.SpringApplication.refresh(SpringApplication.java:775) ~[spring-boot-2.1.0.RELEASE.jar:2.1.0.RELEASE]
	at org.springframework.boot.SpringApplication.refreshContext(SpringApplication.java:397) ~[spring-boot-2.1.0.RELEASE.jar:2.1.0.RELEASE]
	at org.springframework.boot.SpringApplication.run(SpringApplication.java:316) ~[spring-boot-2.1.0.RELEASE.jar:2.1.0.RELEASE]
	at org.springframework.boot.test.context.SpringBootContextLoader.loadContext(SpringBootContextLoader.java:127) ~[spring-boot-test-2.1.0.RELEASE.jar:2.1.0.RELEASE]
	at org.springframework.test.context.cache.DefaultCacheAwareContextLoaderDelegate.loadContextInternal(DefaultCacheAwareContextLoaderDelegate.java:99) ~[spring-test-5.1.2.RELEASE.jar:5.1.2.RELEASE]
	at org.springframework.test.context.cache.DefaultCacheAwareContextLoaderDelegate.loadContext(DefaultCacheAwareContextLoaderDelegate.java:117) ~[spring-test-5.1.2.RELEASE.jar:5.1.2.RELEASE]
	at org.springframework.test.context.support.DefaultTestContext.getApplicationContext(DefaultTestContext.java:108) ~[spring-test-5.1.2.RELEASE.jar:5.1.2.RELEASE]
	at org.springframework.test.context.support.DependencyInjectionTestExecutionListener.injectDependencies(DependencyInjectionTestExecutionListener.java:118) ~[spring-test-5.1.2.RELEASE.jar:5.1.2.RELEASE]
	at org.springframework.test.context.support.DependencyInjectionTestExecutionListener.prepareTestInstance(DependencyInjectionTestExecutionListener.java:83) ~[spring-test-5.1.2.RELEASE.jar:5.1.2.RELEASE]
	at org.springframework.boot.test.autoconfigure.SpringBootDependencyInjectionTestExecutionListener.prepareTestInstance(SpringBootDependencyInjectionTestExecutionListener.java:44) ~[spring-boot-test-autoconfigure-2.1.0.RELEASE.jar:2.1.0.RELEASE]
	at org.springframework.test.context.TestContextManager.prepareTestInstance(TestContextManager.java:246) ~[spring-test-5.1.2.RELEASE.jar:5.1.2.RELEASE]
	at org.springframework.test.context.junit4.SpringJUnit4ClassRunner.createTest(SpringJUnit4ClassRunner.java:227) ~[spring-test-5.1.2.RELEASE.jar:5.1.2.RELEASE]
	at org.springframework.test.context.junit4.SpringJUnit4ClassRunner$1.runReflectiveCall(SpringJUnit4ClassRunner.java:289) ~[spring-test-5.1.2.RELEASE.jar:5.1.2.RELEASE]
	at org.junit.internal.runners.model.ReflectiveCallable.run(ReflectiveCallable.java:12) ~[junit-4.12.jar:4.12]
	at org.springframework.test.context.junit4.SpringJUnit4ClassRunner.methodBlock(SpringJUnit4ClassRunner.java:291) ~[spring-test-5.1.2.RELEASE.jar:5.1.2.RELEASE]
	at org.springframework.test.context.junit4.SpringJUnit4ClassRunner.runChild(SpringJUnit4ClassRunner.java:246) ~[spring-test-5.1.2.RELEASE.jar:5.1.2.RELEASE]
	at org.springframework.test.context.junit4.SpringJUnit4ClassRunner.runChild(SpringJUnit4ClassRunner.java:97) ~[spring-test-5.1.2.RELEASE.jar:5.1.2.RELEASE]
	at org.junit.runners.ParentRunner$3.run(ParentRunner.java:290) ~[junit-4.12.jar:4.12]
	at org.junit.runners.ParentRunner$1.schedule(ParentRunner.java:71) ~[junit-4.12.jar:4.12]
	at org.junit.runners.ParentRunner.runChildren(ParentRunner.java:288) ~[junit-4.12.jar:4.12]
	at org.junit.runners.ParentRunner.access$000(ParentRunner.java:58) ~[junit-4.12.jar:4.12]
	at org.junit.runners.ParentRunner$2.evaluate(ParentRunner.java:268) ~[junit-4.12.jar:4.12]
	at org.springframework.test.context.junit4.statements.RunBeforeTestClassCallbacks.evaluate(RunBeforeTestClassCallbacks.java:61) ~[spring-test-5.1.2.RELEASE.jar:5.1.2.RELEASE]
	at org.springframework.test.context.junit4.statements.RunAfterTestClassCallbacks.evaluate(RunAfterTestClassCallbacks.java:70) ~[spring-test-5.1.2.RELEASE.jar:5.1.2.RELEASE]
	at org.junit.runners.ParentRunner.run(ParentRunner.java:363) ~[junit-4.12.jar:4.12]
	at org.springframework.test.context.junit4.SpringJUnit4ClassRunner.run(SpringJUnit4ClassRunner.java:190) ~[spring-test-5.1.2.RELEASE.jar:5.1.2.RELEASE]
	at org.gradle.api.internal.tasks.testing.junit.JUnitTestClassExecutor.runTestClass(JUnitTestClassExecutor.java:106) ~[na:na]
	at org.gradle.api.internal.tasks.testing.junit.JUnitTestClassExecutor.execute(JUnitTestClassExecutor.java:58) ~[na:na]
	at org.gradle.api.internal.tasks.testing.junit.JUnitTestClassExecutor.execute(JUnitTestClassExecutor.java:38) ~[na:na]
	at org.gradle.api.internal.tasks.testing.junit.AbstractJUnitTestClassProcessor.processTestClass(AbstractJUnitTestClassProcessor.java:66) ~[na:na]
	at org.gradle.api.internal.tasks.testing.SuiteTestClassProcessor.processTestClass(SuiteTestClassProcessor.java:51) ~[na:na]
	at java.base/jdk.internal.reflect.NativeMethodAccessorImpl.invoke0(Native Method) ~[na:na]
	at java.base/jdk.internal.reflect.NativeMethodAccessorImpl.invoke(NativeMethodAccessorImpl.java:62) ~[na:na]
	at java.base/jdk.internal.reflect.DelegatingMethodAccessorImpl.invoke(DelegatingMethodAccessorImpl.java:43) ~[na:na]
	at java.base/java.lang.reflect.Method.invoke(Method.java:564) ~[na:na]
	at org.gradle.internal.dispatch.ReflectionDispatch.dispatch(ReflectionDispatch.java:35) ~[na:na]
	at org.gradle.internal.dispatch.ReflectionDispatch.dispatch(ReflectionDispatch.java:24) ~[na:na]
	at org.gradle.internal.dispatch.ContextClassLoaderDispatch.dispatch(ContextClassLoaderDispatch.java:32) ~[na:na]
	at org.gradle.internal.dispatch.ProxyDispatchAdapter$DispatchingInvocationHandler.invoke(ProxyDispatchAdapter.java:93) ~[na:na]
	at com.sun.proxy.$Proxy1.processTestClass(Unknown Source) ~[na:na]
	at org.gradle.api.internal.tasks.testing.worker.TestWorker.processTestClass(TestWorker.java:109) ~[na:na]
	at java.base/jdk.internal.reflect.NativeMethodAccessorImpl.invoke0(Native Method) ~[na:na]
	at java.base/jdk.internal.reflect.NativeMethodAccessorImpl.invoke(NativeMethodAccessorImpl.java:62) ~[na:na]
	at java.base/jdk.internal.reflect.DelegatingMethodAccessorImpl.invoke(DelegatingMethodAccessorImpl.java:43) ~[na:na]
	at java.base/java.lang.reflect.Method.invoke(Method.java:564) ~[na:na]
	at org.gradle.internal.dispatch.ReflectionDispatch.dispatch(ReflectionDispatch.java:35) ~[na:na]
	at org.gradle.internal.dispatch.ReflectionDispatch.dispatch(ReflectionDispatch.java:24) ~[na:na]
	at org.gradle.internal.remote.internal.hub.MessageHubBackedObjectConnection$DispatchWrapper.dispatch(MessageHubBackedObjectConnection.java:155) ~[na:na]
	at org.gradle.internal.remote.internal.hub.MessageHubBackedObjectConnection$DispatchWrapper.dispatch(MessageHubBackedObjectConnection.java:137) ~[na:na]
	at org.gradle.internal.remote.internal.hub.MessageHub$Handler.run(MessageHub.java:404) ~[na:na]
	at org.gradle.internal.concurrent.ExecutorPolicy$CatchAndRecordFailures.onExecute(ExecutorPolicy.java:63) ~[na:na]
	at org.gradle.internal.concurrent.ManagedExecutorImpl$1.run(ManagedExecutorImpl.java:46) ~[na:na]
	at java.base/java.util.concurrent.ThreadPoolExecutor.runWorker(ThreadPoolExecutor.java:1135) ~[na:na]
	at java.base/java.util.concurrent.ThreadPoolExecutor$Worker.run(ThreadPoolExecutor.java:635) ~[na:na]
	at org.gradle.internal.concurrent.ThreadFactoryImpl$ManagedThreadRunnable.run(ThreadFactoryImpl.java:55) ~[na:na]
	at java.base/java.lang.Thread.run(Thread.java:844) ~[na:na]

2018-11-04 11:21:05.616 DEBUG 14138 --- [    Test worker] i.n.util.internal.PlatformDependent0     : java.nio.DirectByteBuffer.<init>(long, int): unavailable
2018-11-04 11:21:05.616 DEBUG 14138 --- [    Test worker] i.netty.util.internal.PlatformDependent  : sun.misc.Unsafe: available
2018-11-04 11:21:05.622 DEBUG 14138 --- [    Test worker] i.netty.util.internal.PlatformDependent  : maxDirectMemory: 4294967296 bytes (maybe)
2018-11-04 11:21:05.623 DEBUG 14138 --- [    Test worker] i.netty.util.internal.PlatformDependent  : -Dio.netty.tmpdir: /var/folders/d7/nrg_w4690d75tlr6xx0tp20c0000gq/T (java.io.tmpdir)
2018-11-04 11:21:05.623 DEBUG 14138 --- [    Test worker] i.netty.util.internal.PlatformDependent  : -Dio.netty.bitMode: 64 (sun.arch.data.model)
2018-11-04 11:21:05.624 DEBUG 14138 --- [    Test worker] i.netty.util.internal.PlatformDependent  : -Dio.netty.noPreferDirect: false
2018-11-04 11:21:05.625 DEBUG 14138 --- [    Test worker] i.netty.util.internal.PlatformDependent  : -Dio.netty.maxDirectMemory: -1 bytes
2018-11-04 11:21:05.625 DEBUG 14138 --- [    Test worker] i.netty.util.internal.PlatformDependent  : -Dio.netty.uninitializedArrayAllocationThreshold: -1
2018-11-04 11:21:05.626 DEBUG 14138 --- [    Test worker] io.netty.util.internal.CleanerJava9      : java.nio.ByteBuffer.cleaner(): available
2018-11-04 11:21:05.657 DEBUG 14138 --- [    Test worker] io.netty.util.ResourceLeakDetector       : -Dio.netty.leakDetection.level: simple
2018-11-04 11:21:05.657 DEBUG 14138 --- [    Test worker] io.netty.util.ResourceLeakDetector       : -Dio.netty.leakDetection.targetRecords: 4
2018-11-04 11:21:05.663 DEBUG 14138 --- [    Test worker] io.netty.buffer.PooledByteBufAllocator   : -Dio.netty.allocator.numHeapArenas: 8
2018-11-04 11:21:05.663 DEBUG 14138 --- [    Test worker] io.netty.buffer.PooledByteBufAllocator   : -Dio.netty.allocator.numDirectArenas: 8
2018-11-04 11:21:05.663 DEBUG 14138 --- [    Test worker] io.netty.buffer.PooledByteBufAllocator   : -Dio.netty.allocator.pageSize: 8192
2018-11-04 11:21:05.663 DEBUG 14138 --- [    Test worker] io.netty.buffer.PooledByteBufAllocator   : -Dio.netty.allocator.maxOrder: 11
2018-11-04 11:21:05.663 DEBUG 14138 --- [    Test worker] io.netty.buffer.PooledByteBufAllocator   : -Dio.netty.allocator.chunkSize: 16777216
2018-11-04 11:21:05.663 DEBUG 14138 --- [    Test worker] io.netty.buffer.PooledByteBufAllocator   : -Dio.netty.allocator.tinyCacheSize: 512
2018-11-04 11:21:05.663 DEBUG 14138 --- [    Test worker] io.netty.buffer.PooledByteBufAllocator   : -Dio.netty.allocator.smallCacheSize: 256
2018-11-04 11:21:05.663 DEBUG 14138 --- [    Test worker] io.netty.buffer.PooledByteBufAllocator   : -Dio.netty.allocator.normalCacheSize: 64
2018-11-04 11:21:05.663 DEBUG 14138 --- [    Test worker] io.netty.buffer.PooledByteBufAllocator   : -Dio.netty.allocator.maxCachedBufferCapacity: 32768
2018-11-04 11:21:05.663 DEBUG 14138 --- [    Test worker] io.netty.buffer.PooledByteBufAllocator   : -Dio.netty.allocator.cacheTrimInterval: 8192
2018-11-04 11:21:05.664 DEBUG 14138 --- [    Test worker] io.netty.buffer.PooledByteBufAllocator   : -Dio.netty.allocator.useCacheForAllThreads: true
2018-11-04 11:21:05.696 DEBUG 14138 --- [    Test worker] io.netty.buffer.ByteBufUtil              : -Dio.netty.allocator.type: pooled
2018-11-04 11:21:05.696 DEBUG 14138 --- [    Test worker] io.netty.buffer.ByteBufUtil              : -Dio.netty.threadLocalDirectBufferSize: 0
2018-11-04 11:21:05.696 DEBUG 14138 --- [    Test worker] io.netty.buffer.ByteBufUtil              : -Dio.netty.maxThreadLocalCharBufferSize: 16384
2018-11-04 11:21:05.710 DEBUG 14138 --- [    Test worker] i.n.channel.MultithreadEventLoopGroup    : -Dio.netty.eventLoopThreads: 8
2018-11-04 11:21:05.760 DEBUG 14138 --- [    Test worker] io.netty.channel.nio.NioEventLoop        : -Dio.netty.noKeySetOptimization: false
2018-11-04 11:21:05.760 DEBUG 14138 --- [    Test worker] io.netty.channel.nio.NioEventLoop        : -Dio.netty.selectorAutoRebuildThreshold: 512
2018-11-04 11:21:05.780 DEBUG 14138 --- [    Test worker] i.netty.util.internal.PlatformDependent  : org.jctools-core.MpscChunkedArrayQueue: available
2018-11-04 11:21:05.798  INFO 14138 --- [    Test worker] org.mongodb.driver.cluster               : Cluster created with settings {hosts=[localhost:27017], mode=SINGLE, requiredClusterType=UNKNOWN, serverSelectionTimeout='30000 ms', maxWaitQueueSize=500}
2018-11-04 11:21:05.832 DEBUG 14138 --- [localhost:27017] io.netty.channel.DefaultChannelId        : -Dio.netty.processId: 14138 (auto-detected)
2018-11-04 11:21:05.836 DEBUG 14138 --- [localhost:27017] io.netty.util.NetUtil                    : -Djava.net.preferIPv4Stack: false
2018-11-04 11:21:05.838 DEBUG 14138 --- [localhost:27017] io.netty.util.NetUtil                    : -Djava.net.preferIPv6Addresses: false
2018-11-04 11:21:05.841 DEBUG 14138 --- [localhost:27017] io.netty.util.NetUtil                    : Loopback interface: lo0 (lo0, 0:0:0:0:0:0:0:1%lo0)
2018-11-04 11:21:05.843 DEBUG 14138 --- [localhost:27017] io.netty.util.NetUtil                    : Failed to get SOMAXCONN from sysctl and file /proc/sys/net/core/somaxconn. Default: 128
2018-11-04 11:21:05.846 DEBUG 14138 --- [localhost:27017] io.netty.channel.DefaultChannelId        : -Dio.netty.machineId: a4:5e:60:ff:fe:c3:38:f1 (auto-detected)
2018-11-04 11:21:05.943 DEBUG 14138 --- [    Test worker] eactiveMongoPersistentEntityIndexCreator : Analyzing class class net.milanvit.learningspringboot.Image for index information.
2018-11-04 11:21:05.947 DEBUG 14138 --- [localhost:27017] io.netty.util.Recycler                   : -Dio.netty.recycler.maxCapacityPerThread: 4096
2018-11-04 11:21:05.948 DEBUG 14138 --- [localhost:27017] io.netty.util.Recycler                   : -Dio.netty.recycler.maxSharedCapacityFactor: 2
2018-11-04 11:21:05.948 DEBUG 14138 --- [localhost:27017] io.netty.util.Recycler                   : -Dio.netty.recycler.linkCapacity: 16
2018-11-04 11:21:05.949 DEBUG 14138 --- [localhost:27017] io.netty.util.Recycler                   : -Dio.netty.recycler.ratio: 8
2018-11-04 11:21:05.955 DEBUG 14138 --- [    Test worker] reactor.util.Loggers$LoggerFactory       : Using Slf4j logging framework
2018-11-04 11:21:05.965 DEBUG 14138 --- [localhost:27017] io.netty.buffer.AbstractByteBuf          : -Dio.netty.buffer.bytebuf.checkAccessible: true
2018-11-04 11:21:05.969 DEBUG 14138 --- [localhost:27017] i.n.util.ResourceLeakDetectorFactory     : Loaded default ResourceLeakDetector: io.netty.util.ResourceLeakDetector@101dcfc2
2018-11-04 11:21:06.081  INFO 14138 --- [localhost:27017] org.mongodb.driver.connection            : Opened connection [connectionId{localValue:2, serverValue:392}] to localhost:27017
2018-11-04 11:21:06.089  INFO 14138 --- [localhost:27017] org.mongodb.driver.cluster               : Monitor thread successfully connected to server with description ServerDescription{address=localhost:27017, type=STANDALONE, state=CONNECTED, ok=true, version=ServerVersion{versionList=[4, 0, 3]}, minWireVersion=0, maxWireVersion=7, maxDocumentSize=16777216, logicalSessionTimeoutMinutes=30, roundTripTimeNanos=8000490}
2018-11-04 11:21:06.107 DEBUG 14138 --- [    Test worker] o.s.d.r.c.s.RepositoryFactorySupport     : Initializing repository instance for net.milanvit.learningspringboot.ImageRepository…
2018-11-04 11:21:06.403 DEBUG 14138 --- [    Test worker] o.s.d.r.c.s.RepositoryFactorySupport     : Finished creation of repository instance for net.milanvit.learningspringboot.ImageRepository.
2018-11-04 11:21:06.442  INFO 14138 --- [    Test worker] n.m.l.LiveImageRepositoryTests           : Started LiveImageRepositoryTests in 5.776 seconds (JVM running for 9.875)
2018-11-04 11:21:07.038  INFO 14138 --- [    Test worker] org.mongodb.driver.connection            : Opened connection [connectionId{localValue:3, serverValue:393}] to localhost:27017
2018-11-04 11:21:07.065 DEBUG 14138 --- [    Test worker] o.s.data.mongodb.core.MongoTemplate      : Dropped collection [image]
2018-11-04 11:21:07.097 DEBUG 14138 --- [    Test worker] o.s.data.mongodb.core.MongoTemplate      : Inserting Document containing fields: [_id, name, _class] in collection: image
2018-11-04 11:21:07.221 DEBUG 14138 --- [    Test worker] o.s.data.mongodb.core.MongoTemplate      : Inserting Document containing fields: [_id, name, _class] in collection: image
2018-11-04 11:21:07.229 DEBUG 14138 --- [    Test worker] o.s.data.mongodb.core.MongoTemplate      : Inserting Document containing fields: [_id, name, _class] in collection: image
Image(id=1, name=learning-spring-boot-cover.jpg)
Image(id=2, name=learning-spring-boot-2nd-edition-cover.jpg)
Image(id=3, name=bazinga.png)
2018-11-04 11:21:07.390 DEBUG 14138 --- [    Test worker] o.s.d.m.core.ReactiveMongoTemplate       : find using query: { } fields: Document{{}} for class: class net.milanvit.learningspringboot.Image in collection: image
2018-11-04 11:21:07.532  INFO 14138 --- [ntLoopGroup-2-2] org.mongodb.driver.connection            : Opened connection [connectionId{localValue:4, serverValue:394}] to localhost:27017
2018-11-04 11:21:07.713 DEBUG 14138 --- [    Test worker] o.s.data.mongodb.core.MongoTemplate      : Dropped collection [image]
2018-11-04 11:21:07.714 DEBUG 14138 --- [    Test worker] o.s.data.mongodb.core.MongoTemplate      : Inserting Document containing fields: [_id, name, _class] in collection: image
2018-11-04 11:21:07.762 DEBUG 14138 --- [    Test worker] o.s.data.mongodb.core.MongoTemplate      : Inserting Document containing fields: [_id, name, _class] in collection: image
2018-11-04 11:21:07.766 DEBUG 14138 --- [    Test worker] o.s.data.mongodb.core.MongoTemplate      : Inserting Document containing fields: [_id, name, _class] in collection: image
Image(id=1, name=learning-spring-boot-cover.jpg)
Image(id=2, name=learning-spring-boot-2nd-edition-cover.jpg)
Image(id=3, name=bazinga.png)
2018-11-04 11:21:07.822 DEBUG 14138 --- [    Test worker] o.s.d.m.r.query.MongoQueryCreator        : Created query Query: { "name" : "bazinga.png" }, Fields: { }, Sort: { }
2018-11-04 11:21:07.844 DEBUG 14138 --- [    Test worker] o.s.d.m.core.ReactiveMongoTemplate       : find using query: { "name" : "bazinga.png" } fields: Document{{}} for class: class net.milanvit.learningspringboot.Image in collection: image
]]></system-out>
  <system-err><![CDATA[]]></system-err>
</testsuite>
